


materialPath: D:\Steam\steamapps\sourcemods\msrc\materials
Loading D:\Steam\steamapps\sourcemods\msrc\maps\vmf\background01.vmf
Could not locate 'GameData' key in d:\steam\steamapps\sourcemods\msrc\gameinfo.txt
fixing up env_cubemap materials on brush sides...
0...1...2...3...4...5...6...7...8...9...10**** leaked ****
Entity func_door (-64.00 -304.00 128.00) leaked!
Processing areas...done (0)
Building Faces...done (0)
FixTjuncs...
PruneNodes...
WriteBSP...
done (0)
Creating default LDR cubemaps for env_cubemap using skybox materials:
   skybox/sky_day01_01*.vmt
 ! Run buildcubemaps in the engine to get the correct cube maps.
Creating default HDR cubemaps for env_cubemap using skybox materials:
   skybox/sky_day01_01*.vmt
 ! Run buildcubemaps in the engine to get the correct cube maps.
Finding displacement neighbors...
Finding lightmap sample positions...
Displacement Alpha : 0...1...2...3...4...5...6...7...8...9...10
Building Physics collision data...
done (0) (9035 bytes)
Placing detail props : 0...1...2...3...4...5...6...7...8...9...10
Compacting texture/material tables...
Reduced 34 texinfos to 23
Reduced 3 texdatas to 3 (36 bytes to 36)
Writing D:\Steam\steamapps\sourcemods\msrc\maps\vmf\background01.bsp
0 seconds elapsed



4 threads
reading d:\steam\steamapps\sourcemods\msrc\maps\vmf\background01.bsp
reading d:\steam\steamapps\sourcemods\msrc\maps\vmf\background01.prt
LoadPortals: couldn't read d:\steam\steamapps\sourcemods\msrc\maps\vmf\background01.prt



[Reading texlights from 'lights.rad']
[48 texlights parsed from 'lights.rad']

Loading d:\steam\steamapps\sourcemods\msrc\maps\vmf\background01.bsp
No vis information, direct lighting only.
121 faces
18908 square feet [2722816.00 square inches]
0 Displacements
0 Square Feet [0.00 Square Inches]
1 direct lights
0...1...2...3...4...5...6...7...8...9...10Build Patch/Sample Hash Table(s).....Done<0.0004 sec>
0...1...2...3...4...5...6...7...8...9...10FinalLightFace Done
0 of 0 (0% of) surface lights went in leaf ambient cubes.
0...1...2...3...4...5...6...7...8...9...10Writing leaf ambient...done
Ready to Finish

Object names       Objects/Maxobjs  Memory / Maxmem  Fullness 
------------       ---------------  ---------------  -------- 
models                   3/1024          144/49152    ( 0.3%) 
brushes                 24/8192          288/98304    ( 0.3%) 
brushsides             144/65536        1152/524288   ( 0.2%) 
planes                  80/65536        1600/1310720  ( 0.1%) 
vertexes               169/65536        2028/786432   ( 0.3%) 
nodes                   96/65536        3072/2097152  ( 0.1%) 
texinfos                23/12288        1656/884736   ( 0.2%) 
texdata                  3/2048           96/65536    ( 0.1%) 
dispinfos                0/0               0/0        ( 0.0%) 
disp_verts               0/0               0/0        ( 0.0%) 
disp_tris                0/0               0/0        ( 0.0%) 
disp_lmsamples           0/0               0/0        ( 0.0%) 
faces                  121/65536        6776/3670016  ( 0.2%) 
hdr faces                0/65536           0/3670016  ( 0.0%) 
origfaces               83/65536        4648/3670016  ( 0.1%) 
leaves                 100/65536        3200/2097152  ( 0.2%) 
leaffaces              137/65536         274/131072   ( 0.2%) 
leafbrushes             29/65536          58/131072   ( 0.0%) 
areas                    2/256            16/2048     ( 0.8%) 
surfedges              898/512000       3592/2048000  ( 0.2%) 
edges                  515/256000       2060/1024000  ( 0.2%) 
LDR worldlights          1/8192           88/720896   ( 0.0%) 
HDR worldlights          0/8192            0/720896   ( 0.0%) 
leafwaterdata            0/32768           0/393216   ( 0.0%) 
waterstrips             12/32768         120/327680   ( 0.0%) 
waterverts               0/65536           0/786432   ( 0.0%) 
waterindices           195/65536         390/131072   ( 0.3%) 
cubemapsamples           0/1024            0/16384    ( 0.0%) 
overlays                 0/512             0/180224   ( 0.0%) 
LDR lightdata         [variable]       53480/0        ( 0.0%) 
HDR lightdata         [variable]           0/0        ( 0.0%) 
visdata               [variable]           0/16777216 ( 0.0%) 
entdata               [variable]        2335/393216   ( 0.6%) 
LDR ambient table      100/65536         400/262144   ( 0.2%) 
HDR ambient table      100/65536         400/262144   ( 0.2%) 
LDR leaf ambient       184/65536        5152/1835008  ( 0.3%) 
HDR leaf ambient       100/65536        2800/1835008  ( 0.2%) 
occluders                0/0               0/0        ( 0.0%) 
occluder polygons        0/0               0/0        ( 0.0%) 
occluder vert ind        0/0               0/0        ( 0.0%) 
detail props          [variable]           1/12       ( 8.3%) 
static props          [variable]           1/12       ( 8.3%) 
pakfile               [variable]      105679/0        ( 0.0%) 
physics               [variable]        9035/4194304  ( 0.2%) 
physics terrain       [variable]           2/1048576  ( 0.0%) 

Level flags = 0

Total triangle count: 324
Writing d:\steam\steamapps\sourcemods\msrc\maps\vmf\background01.bsp
0 seconds elapsed



[Reading texlights from 'lights.rad']
[48 texlights parsed from 'lights.rad']

Loading d:\steam\steamapps\sourcemods\msrc\maps\vmf\background01.bsp
No vis information, direct lighting only.
121 faces
18908 square feet [2722816.00 square inches]
0 Displacements
0 Square Feet [0.00 Square Inches]
1 direct lights
0...1...2...3...4...5...6...7...8...9...10Build Patch/Sample Hash Table(s).....Done<0.0004 sec>
0...1...2...3...4...5...6...7...8...9...10FinalLightFace Done
0 of 0 (0% of) surface lights went in leaf ambient cubes.
0...1...2...3...4...5...6...7...8...9...10Writing leaf ambient...done
Ready to Finish

Object names       Objects/Maxobjs  Memory / Maxmem  Fullness 
------------       ---------------  ---------------  -------- 
models                   3/1024          144/49152    ( 0.3%) 
brushes                 24/8192          288/98304    ( 0.3%) 
brushsides             144/65536        1152/524288   ( 0.2%) 
planes                  80/65536        1600/1310720  ( 0.1%) 
vertexes               169/65536        2028/786432   ( 0.3%) 
nodes                   96/65536        3072/2097152  ( 0.1%) 
texinfos                23/12288        1656/884736   ( 0.2%) 
texdata                  3/2048           96/65536    ( 0.1%) 
dispinfos                0/0               0/0        ( 0.0%) 
disp_verts               0/0               0/0        ( 0.0%) 
disp_tris                0/0               0/0        ( 0.0%) 
disp_lmsamples           0/0               0/0        ( 0.0%) 
faces                  121/65536        6776/3670016  ( 0.2%) 
hdr faces              121/65536        6776/3670016  ( 0.2%) 
origfaces               83/65536        4648/3670016  ( 0.1%) 
leaves                 100/65536        3200/2097152  ( 0.2%) 
leaffaces              137/65536         274/131072   ( 0.2%) 
leafbrushes             29/65536          58/131072   ( 0.0%) 
areas                    2/256            16/2048     ( 0.8%) 
surfedges              898/512000       3592/2048000  ( 0.2%) 
edges                  515/256000       2060/1024000  ( 0.2%) 
LDR worldlights          1/8192           88/720896   ( 0.0%) 
HDR worldlights          1/8192           88/720896   ( 0.0%) 
leafwaterdata            0/32768           0/393216   ( 0.0%) 
waterstrips             12/32768         120/327680   ( 0.0%) 
waterverts               0/65536           0/786432   ( 0.0%) 
waterindices           195/65536         390/131072   ( 0.3%) 
cubemapsamples           0/1024            0/16384    ( 0.0%) 
overlays                 0/512             0/180224   ( 0.0%) 
LDR lightdata         [variable]       53480/0        ( 0.0%) 
HDR lightdata         [variable]       53480/0        ( 0.0%) 
visdata               [variable]           0/16777216 ( 0.0%) 
entdata               [variable]        2335/393216   ( 0.6%) 
LDR ambient table      100/65536         400/262144   ( 0.2%) 
HDR ambient table      100/65536         400/262144   ( 0.2%) 
LDR leaf ambient       184/65536        5152/1835008  ( 0.3%) 
HDR leaf ambient       184/65536        5152/1835008  ( 0.3%) 
occluders                0/0               0/0        ( 0.0%) 
occluder polygons        0/0               0/0        ( 0.0%) 
occluder vert ind        0/0               0/0        ( 0.0%) 
detail props          [variable]           1/12       ( 8.3%) 
static props          [variable]           1/12       ( 8.3%) 
pakfile               [variable]      105679/0        ( 0.0%) 
physics               [variable]        9035/4194304  ( 0.2%) 
physics terrain       [variable]           2/1048576  ( 0.0%) 

Level flags = 0

Total triangle count: 324
Writing d:\steam\steamapps\sourcemods\msrc\maps\vmf\background01.bsp
0 seconds elapsed



materialPath: D:\Steam\steamapps\sourcemods\msrc\materials
Loading D:\Steam\steamapps\sourcemods\msrc\maps\vmf\background01.vmf
Could not locate 'GameData' key in d:\steam\steamapps\sourcemods\msrc\gameinfo.txt
fixing up env_cubemap materials on brush sides...
0...1...2...3...4...5...6...7...8...9...10**** leaked ****
Entity light (-96.00 -512.00 165.93) leaked!
Processing areas...done (0)
Building Faces...done (0)
FixTjuncs...
PruneNodes...
WriteBSP...
done (0)
Creating default LDR cubemaps for env_cubemap using skybox materials:
   skybox/sky_day01_01*.vmt
 ! Run buildcubemaps in the engine to get the correct cube maps.
Creating default HDR cubemaps for env_cubemap using skybox materials:
   skybox/sky_day01_01*.vmt
 ! Run buildcubemaps in the engine to get the correct cube maps.
Finding displacement neighbors...
Finding lightmap sample positions...
Displacement Alpha : 0...1...2...3...4...5...6...7...8...9...10
Building Physics collision data...
done (0) (9035 bytes)
Placing detail props : 0...1...2...3...4...5...6...7...8...9...10
Compacting texture/material tables...
Reduced 34 texinfos to 23
Reduced 3 texdatas to 3 (36 bytes to 36)
Writing D:\Steam\steamapps\sourcemods\msrc\maps\vmf\background01.bsp
0 seconds elapsed



4 threads
reading d:\steam\steamapps\sourcemods\msrc\maps\vmf\background01.bsp
reading d:\steam\steamapps\sourcemods\msrc\maps\vmf\background01.prt
LoadPortals: couldn't read d:\steam\steamapps\sourcemods\msrc\maps\vmf\background01.prt



[Reading texlights from 'lights.rad']
[48 texlights parsed from 'lights.rad']

Loading d:\steam\steamapps\sourcemods\msrc\maps\vmf\background01.bsp
No vis information, direct lighting only.
121 faces
18908 square feet [2722816.00 square inches]
0 Displacements
0 Square Feet [0.00 Square Inches]
3 direct lights
0...1...2...3...4...5...6...7...8...9...10Build Patch/Sample Hash Table(s).....Done<0.0004 sec>
0...1...2...3...4...5...6...7...8...9...10FinalLightFace Done
0 of 0 (0% of) surface lights went in leaf ambient cubes.
0...1...2...3...4...5...6...7...8...9...10Writing leaf ambient...done
Ready to Finish

Object names       Objects/Maxobjs  Memory / Maxmem  Fullness 
------------       ---------------  ---------------  -------- 
models                   3/1024          144/49152    ( 0.3%) 
brushes                 24/8192          288/98304    ( 0.3%) 
brushsides             144/65536        1152/524288   ( 0.2%) 
planes                  80/65536        1600/1310720  ( 0.1%) 
vertexes               169/65536        2028/786432   ( 0.3%) 
nodes                   96/65536        3072/2097152  ( 0.1%) 
texinfos                23/12288        1656/884736   ( 0.2%) 
texdata                  3/2048           96/65536    ( 0.1%) 
dispinfos                0/0               0/0        ( 0.0%) 
disp_verts               0/0               0/0        ( 0.0%) 
disp_tris                0/0               0/0        ( 0.0%) 
disp_lmsamples           0/0               0/0        ( 0.0%) 
faces                  121/65536        6776/3670016  ( 0.2%) 
hdr faces                0/65536           0/3670016  ( 0.0%) 
origfaces               83/65536        4648/3670016  ( 0.1%) 
leaves                 100/65536        3200/2097152  ( 0.2%) 
leaffaces              137/65536         274/131072   ( 0.2%) 
leafbrushes             29/65536          58/131072   ( 0.0%) 
areas                    2/256            16/2048     ( 0.8%) 
surfedges              898/512000       3592/2048000  ( 0.2%) 
edges                  515/256000       2060/1024000  ( 0.2%) 
LDR worldlights          3/8192          264/720896   ( 0.0%) 
HDR worldlights          0/8192            0/720896   ( 0.0%) 
leafwaterdata            0/32768           0/393216   ( 0.0%) 
waterstrips             12/32768         120/327680   ( 0.0%) 
waterverts               0/65536           0/786432   ( 0.0%) 
waterindices           195/65536         390/131072   ( 0.3%) 
cubemapsamples           0/1024            0/16384    ( 0.0%) 
overlays                 0/512             0/180224   ( 0.0%) 
LDR lightdata         [variable]       53480/0        ( 0.0%) 
HDR lightdata         [variable]           0/0        ( 0.0%) 
visdata               [variable]           0/16777216 ( 0.0%) 
entdata               [variable]        2666/393216   ( 0.7%) 
LDR ambient table      100/65536         400/262144   ( 0.2%) 
HDR ambient table      100/65536         400/262144   ( 0.2%) 
LDR leaf ambient       273/65536        7644/1835008  ( 0.4%) 
HDR leaf ambient       100/65536        2800/1835008  ( 0.2%) 
occluders                0/0               0/0        ( 0.0%) 
occluder polygons        0/0               0/0        ( 0.0%) 
occluder vert ind        0/0               0/0        ( 0.0%) 
detail props          [variable]           1/12       ( 8.3%) 
static props          [variable]           1/12       ( 8.3%) 
pakfile               [variable]      105679/0        ( 0.0%) 
physics               [variable]        9035/4194304  ( 0.2%) 
physics terrain       [variable]           2/1048576  ( 0.0%) 

Level flags = 0

Total triangle count: 324
Writing d:\steam\steamapps\sourcemods\msrc\maps\vmf\background01.bsp
0 seconds elapsed



[Reading texlights from 'lights.rad']
[48 texlights parsed from 'lights.rad']

Loading d:\steam\steamapps\sourcemods\msrc\maps\vmf\background01.bsp
No vis information, direct lighting only.
121 faces
18908 square feet [2722816.00 square inches]
0 Displacements
0 Square Feet [0.00 Square Inches]
3 direct lights
0...1...2...3...4...5...6...7...8...9...10Build Patch/Sample Hash Table(s).....Done<0.0005 sec>
0...1...2...3...4...5...6...7...8...9...10FinalLightFace Done
0 of 0 (0% of) surface lights went in leaf ambient cubes.
0...1...2...3...4...5...6...7...8...9...10Writing leaf ambient...done
Ready to Finish

Object names       Objects/Maxobjs  Memory / Maxmem  Fullness 
------------       ---------------  ---------------  -------- 
models                   3/1024          144/49152    ( 0.3%) 
brushes                 24/8192          288/98304    ( 0.3%) 
brushsides             144/65536        1152/524288   ( 0.2%) 
planes                  80/65536        1600/1310720  ( 0.1%) 
vertexes               169/65536        2028/786432   ( 0.3%) 
nodes                   96/65536        3072/2097152  ( 0.1%) 
texinfos                23/12288        1656/884736   ( 0.2%) 
texdata                  3/2048           96/65536    ( 0.1%) 
dispinfos                0/0               0/0        ( 0.0%) 
disp_verts               0/0               0/0        ( 0.0%) 
disp_tris                0/0               0/0        ( 0.0%) 
disp_lmsamples           0/0               0/0        ( 0.0%) 
faces                  121/65536        6776/3670016  ( 0.2%) 
hdr faces              121/65536        6776/3670016  ( 0.2%) 
origfaces               83/65536        4648/3670016  ( 0.1%) 
leaves                 100/65536        3200/2097152  ( 0.2%) 
leaffaces              137/65536         274/131072   ( 0.2%) 
leafbrushes             29/65536          58/131072   ( 0.0%) 
areas                    2/256            16/2048     ( 0.8%) 
surfedges              898/512000       3592/2048000  ( 0.2%) 
edges                  515/256000       2060/1024000  ( 0.2%) 
LDR worldlights          3/8192          264/720896   ( 0.0%) 
HDR worldlights          3/8192          264/720896   ( 0.0%) 
leafwaterdata            0/32768           0/393216   ( 0.0%) 
waterstrips             12/32768         120/327680   ( 0.0%) 
waterverts               0/65536           0/786432   ( 0.0%) 
waterindices           195/65536         390/131072   ( 0.3%) 
cubemapsamples           0/1024            0/16384    ( 0.0%) 
overlays                 0/512             0/180224   ( 0.0%) 
LDR lightdata         [variable]       53480/0        ( 0.0%) 
HDR lightdata         [variable]       53480/0        ( 0.0%) 
visdata               [variable]           0/16777216 ( 0.0%) 
entdata               [variable]        2666/393216   ( 0.7%) 
LDR ambient table      100/65536         400/262144   ( 0.2%) 
HDR ambient table      100/65536         400/262144   ( 0.2%) 
LDR leaf ambient       273/65536        7644/1835008  ( 0.4%) 
HDR leaf ambient       273/65536        7644/1835008  ( 0.4%) 
occluders                0/0               0/0        ( 0.0%) 
occluder polygons        0/0               0/0        ( 0.0%) 
occluder vert ind        0/0               0/0        ( 0.0%) 
detail props          [variable]           1/12       ( 8.3%) 
static props          [variable]           1/12       ( 8.3%) 
pakfile               [variable]      105679/0        ( 0.0%) 
physics               [variable]        9035/4194304  ( 0.2%) 
physics terrain       [variable]           2/1048576  ( 0.0%) 

Level flags = 0

Total triangle count: 324
Writing d:\steam\steamapps\sourcemods\msrc\maps\vmf\background01.bsp
0 seconds elapsed
