PRT1
165
506
4 0 4 (2016 1024 2528 ) (1024 1024 2528 ) (1024 1024 32 ) (2016 1024 32 ) 
4 0 1 (1024 1024 32 ) (1024 1024 2528 ) (1024 2016 2528 ) (1024 2016 32 ) 
4 1 29 (1024 1024 32 ) (1024 1024 64 ) (0 1024 64 ) (0 1024 32 ) 
4 1 19 (896 1024 208 ) (60 1024 208 ) (60 1024 64 ) (896 1024 64 ) 
4 1 21 (60 1024 208 ) (0 1024 208 ) (0 1024 64 ) (60 1024 64 ) 
4 1 18 (944 1024 208 ) (896 1024 208 ) (896 1024 64 ) (944 1024 64 ) 
4 1 17 (1024 1024 64 ) (1024 1024 208 ) (944 1024 208 ) (944 1024 64 ) 
4 1 14 (384 1024 2528 ) (0 1024 2528 ) (0 1024 208 ) (384 1024 208 ) 
4 1 11 (536 1024 312 ) (384 1024 312 ) (384 1024 208 ) (536 1024 208 ) 
4 1 10 (1024 1024 208 ) (1024 1024 312 ) (536 1024 312 ) (536 1024 208 ) 
4 1 8 (408 1024 2528 ) (384 1024 2528 ) (384 1024 312 ) (408 1024 312 ) 
4 1 7 (1024 1024 312 ) (1024 1024 2528 ) (408 1024 2528 ) (408 1024 312 ) 
4 1 2 (0 1024 32 ) (0 1024 2528 ) (0 2016 2528 ) (0 2016 32 ) 
4 2 72 (0 1024 32 ) (0 1024 64 ) (-1024 1024 64 ) (-1024 1024 32 ) 
4 2 69 (-416 1024 431.200043 ) (-464 1024 431.200043 ) (-464 1024 64 ) (-416 1024 64 ) 
4 2 71 (-464 1024 431.200043 ) (-1024 1024 431.200043 ) (-1024 1024 64 ) (-464 1024 64 ) 
4 2 60 (0 1024 64 ) (0 1024 208 ) (-416 1024 208 ) (-416 1024 64 ) 
4 2 59 (0 1024 208 ) (0 1024 431.200043 ) (-416 1024 431.200043 ) (-416 1024 208 ) 
4 2 57 (0 1024 431.200043 ) (0 1024 448 ) (-128 1024 448 ) (-128 1024 431.200043 ) 
4 2 58 (-128 1024 448 ) (-1024 1024 448 ) (-1024 1024 431.200043 ) (-128 1024 431.200043 ) 
4 2 56 (0 1024 448 ) (0 1024 2528 ) (-1024 1024 2528 ) (-1024 1024 448 ) 
4 2 3 (-1024 1024 32 ) (-1024 1024 2528 ) (-1024 2016 2528 ) (-1024 2016 32 ) 
4 3 160 (-1024 1024 32 ) (-1024 1024 2528 ) (-2016 1024 2528 ) (-2016 1024 32 ) 
4 4 43 (1024 32 32 ) (1024 0 32 ) (1024 0 64 ) (1024 32 64 ) 
4 4 35 (1024 0 64 ) (1024 0 208 ) (1024 32 208 ) (1024 32 64 ) 
4 4 34 (1024 0 208 ) (1024 0 431.200043 ) (1024 32 431.200043 ) (1024 32 208 ) 
4 4 33 (1024 0 431.200043 ) (1024 0 448 ) (1024 32 448 ) (1024 32 431.200043 ) 
4 4 32 (1024 0 448 ) (1024 0 2528 ) (1024 32 2528 ) (1024 32 448 ) 
4 4 30 (1024 96 32 ) (1024 32 32 ) (1024 32 64 ) (1024 96 64 ) 
4 4 29 (1024 1024 64 ) (1024 1024 32 ) (1024 96 32 ) (1024 96 64 ) 
4 4 17 (1024 1024 208 ) (1024 1024 64 ) (1024 32 64 ) (1024 32 208 ) 
4 4 10 (1024 1024 312 ) (1024 1024 208 ) (1024 32 208 ) (1024 32 312 ) 
4 4 7 (1024 1024 2528 ) (1024 1024 312 ) (1024 32 312 ) (1024 32 2528 ) 
4 4 5 (2016 0 2528 ) (1024 0 2528 ) (1024 0 32 ) (2016 0 32 ) 
4 5 138 (1024 -1024 32 ) (1024 -1024 64 ) (1024 -416 64 ) (1024 -416 32 ) 
4 5 135 (1024 -1024 64 ) (1024 -1024 431.200043 ) (1024 -624 431.200043 ) (1024 -624 64 ) 
4 5 123 (1024 -624 431.200043 ) (1024 -416 431.200043 ) (1024 -416 64 ) (1024 -624 64 ) 
4 5 120 (1024 -1024 431.200043 ) (1024 -1024 2528 ) (1024 -416 2528 ) (1024 -416 431.200043 ) 
4 5 77 (1024 0 64 ) (1024 0 32 ) (1024 -416 32 ) (1024 -416 64 ) 
4 5 74 (1024 0 208 ) (1024 0 64 ) (1024 -416 64 ) (1024 -416 208 ) 
4 5 73 (1024 -416 2528 ) (1024 0 2528 ) (1024 0 208 ) (1024 -416 208 ) 
4 5 6 (2016 -1024 2528 ) (1024 -1024 2528 ) (1024 -1024 32 ) (2016 -1024 32 ) 
4 6 162 (1024 -2016 2528 ) (1024 -1024 2528 ) (1024 -1024 32 ) (1024 -2016 32 ) 
4 7 38 (428 32 368 ) (428 32 312 ) (500 32 312 ) (500 32 368 ) 
4 7 34 (1024 32 312 ) (1024 32 431.200043 ) (672 32 431.200043 ) (672 32 312 ) 
4 7 33 (1024 32 431.200043 ) (1024 32 448 ) (672 32 448 ) (672 32 431.200043 ) 
4 7 32 (1024 32 448 ) (1024 32 2528 ) (408 32 2528 ) (408 32 448 ) 
4 7 12 (536 32 312 ) (408 32 312 ) (408 96 312 ) (536 96 312 ) 
4 7 11 (408 96 312 ) (408 1024 312 ) (536 1024 312 ) (536 96 312 ) 
4 7 10 (1024 32 312 ) (536 32 312 ) (536 1024 312 ) (1024 1024 312 ) 
4 7 9 (408 32 344 ) (408 32 2528 ) (408 40 2528 ) (408 40 344 ) 
4 7 8 (408 1024 312 ) (408 40 312 ) (408 40 2528 ) (408 1024 2528 ) 
4 8 16 (384 40 2528 ) (384 96 2528 ) (384 96 312 ) (384 40 312 ) 
4 8 14 (384 96 2528 ) (384 1024 2528 ) (384 1024 312 ) (384 96 312 ) 
4 8 12 (384 40 312 ) (384 96 312 ) (408 96 312 ) (408 40 312 ) 
4 8 11 (384 96 312 ) (384 1024 312 ) (408 1024 312 ) (408 96 312 ) 
4 8 9 (408 40 344 ) (408 40 2528 ) (384 40 2528 ) (384 40 344 ) 
4 9 32 (408 32 2528 ) (384 32 2528 ) (384 32 448 ) (408 32 448 ) 
4 9 16 (384 32 344 ) (384 32 2528 ) (384 40 2528 ) (384 40 344 ) 
4 10 34 (1024 32 208 ) (1024 32 312 ) (672 32 312 ) (672 32 208 ) 
4 10 27 (736 32 208 ) (536 32 208 ) (536 96 208 ) (736 96 208 ) 
4 10 25 (536 96 208 ) (536 352 208 ) (736 352 208 ) (736 96 208 ) 
4 10 24 (896 32 208 ) (768 32 208 ) (768 384 208 ) (896 384 208 ) 
4 10 22 (536 384 208 ) (536 560 208 ) (896 560 208 ) (896 384 208 ) 
4 10 19 (536 736 208 ) (536 1024 208 ) (896 1024 208 ) (896 736 208 ) 
4 10 20 (536 560 208 ) (536 688 208 ) (896 688 208 ) (896 560 208 ) 
4 10 18 (896 736 208 ) (896 1024 208 ) (944 1024 208 ) (944 736 208 ) 
4 10 17 (1024 32 208 ) (944 32 208 ) (944 1024 208 ) (1024 1024 208 ) 
4 10 12 (536 32 262 ) (536 32 312 ) (536 96 312 ) (536 96 262 ) 
4 10 13 (536 96 208 ) (536 32 208 ) (536 32 248 ) (536 96 248 ) 
4 10 11 (536 1024 208 ) (536 96 208 ) (536 96 312 ) (536 1024 312 ) 
4 11 25 (384 96 208 ) (384 352 208 ) (536 352 208 ) (536 96 208 ) 
4 11 23 (384 384 208 ) (384 512 208 ) (432 512 208 ) (432 384 208 ) 
4 11 22 (432 560 208 ) (536 560 208 ) (536 384 208 ) (432 384 208 ) 
4 11 19 (384 736 208 ) (384 1024 208 ) (536 1024 208 ) (536 736 208 ) 
4 11 20 (384 560 208 ) (384 688 208 ) (536 688 208 ) (536 560 208 ) 
4 11 14 (384 1024 208 ) (384 96 208 ) (384 96 312 ) (384 1024 312 ) 
4 11 12 (536 96 262 ) (536 96 312 ) (384 96 312 ) (384 96 262 ) 
4 11 13 (536 96 208 ) (536 96 248 ) (384 96 248 ) (384 96 208 ) 
4 12 38 (500 32 312 ) (428 32 312 ) (428 32 262 ) (500 32 262 ) 
4 12 16 (384 32 262 ) (384 32 312 ) (384 96 312 ) (384 96 262 ) 
4 13 27 (536 32 208 ) (384 32 208 ) (384 96 208 ) (536 96 208 ) 
4 13 15 (384 96 208 ) (384 32 208 ) (384 32 246 ) (384 96 246 ) 
4 14 59 (0 1024 431.200043 ) (0 1024 208 ) (0 96 208 ) (0 96 431.200043 ) 
4 14 57 (0 1024 448 ) (0 1024 431.200043 ) (0 96 431.200043 ) (0 96 448 ) 
4 14 56 (0 1024 2528 ) (0 1024 448 ) (0 96 448 ) (0 96 2528 ) 
4 14 25 (384 352 208 ) (384 96 208 ) (128 96 208 ) (128 352 208 ) 
4 14 26 (0 96 208 ) (0 384 208 ) (128 384 208 ) (128 96 208 ) 
4 14 23 (0 384 208 ) (0 512 208 ) (384 512 208 ) (384 384 208 ) 
4 14 19 (60 1024 208 ) (384 1024 208 ) (384 736 208 ) (60 736 208 ) 
4 14 20 (384 688 208 ) (384 560 208 ) (60 560 208 ) (60 688 208 ) 
4 14 21 (0 560 208 ) (0 1024 208 ) (60 1024 208 ) (60 560 208 ) 
5 14 16 (0 96 208 ) (281.346527 96 208 ) (384 96 262 ) (384 96 2528 ) (0 96 2528 ) 
3 14 15 (311.762390 96 208 ) (384 96 208 ) (384 96 246 ) 
4 15 27 (384 32 208 ) (311.762390 32 208 ) (311.762390 96 208 ) (384 96 208 ) 
4 16 59 (0 96 208 ) (0 32 208 ) (0 32 431.200043 ) (0 96 431.200043 ) 
4 16 57 (0 32 431.200043 ) (0 32 448 ) (0 96 448 ) (0 96 431.200043 ) 
4 16 56 (0 32 448 ) (0 32 2528 ) (0 96 2528 ) (0 96 448 ) 
4 16 47 (376 32 292 ) (376 32 300 ) (312 32 300 ) (312 32 292 ) 
4 16 46 (376 32 316 ) (376 32 324 ) (312 32 324 ) (312 32 316 ) 
4 16 45 (376 32 340 ) (376 32 348 ) (312 32 348 ) (312 32 340 ) 
4 16 44 (376 32 364 ) (376 32 368 ) (312 32 368 ) (312 32 364 ) 
4 16 32 (0 32 2528 ) (0 32 448 ) (384 32 448 ) (384 32 2528 ) 
4 16 28 (281.346558 32 208 ) (0 32 208 ) (0 96 208 ) (281.346527 96 208 ) 
4 17 35 (1024 32 64 ) (1024 32 208 ) (944 32 208 ) (944 32 64 ) 
4 17 30 (1024 32 64 ) (944 32 64 ) (944 96 64 ) (1024 96 64 ) 
4 17 29 (944 96 64 ) (944 1024 64 ) (1024 1024 64 ) (1024 96 64 ) 
4 17 18 (944 1024 64 ) (944 736 64 ) (944 736 208 ) (944 1024 208 ) 
4 18 29 (896 736 64 ) (896 1024 64 ) (944 1024 64 ) (944 736 64 ) 
4 18 19 (896 1024 64 ) (896 736 64 ) (896 736 208 ) (896 1024 208 ) 
4 19 29 (60 1024 64 ) (896 1024 64 ) (896 736 64 ) (60 736 64 ) 
4 19 21 (60 1024 64 ) (60 736 64 ) (60 736 208 ) (60 1024 208 ) 
4 20 29 (896 688 64 ) (896 560 64 ) (60 560 64 ) (60 688 64 ) 
4 20 22 (432 560 64 ) (896 560 64 ) (896 560 208 ) (432 560 208 ) 
4 20 21 (60 688 64 ) (60 560 64 ) (60 560 208 ) (60 688 208 ) 
4 21 60 (0 1024 208 ) (0 1024 64 ) (0 560 64 ) (0 560 208 ) 
4 21 29 (0 560 64 ) (0 1024 64 ) (60 1024 64 ) (60 560 64 ) 
4 22 29 (432 560 64 ) (896 560 64 ) (896 384 64 ) (432 384 64 ) 
4 22 24 (768 384 64 ) (896 384 64 ) (896 384 208 ) (768 384 208 ) 
4 22 23 (432 512 64 ) (432 384 64 ) (432 384 208 ) (432 512 208 ) 
4 23 61 (0 512 64 ) (0 384 64 ) (0 384 208 ) (0 512 208 ) 
4 23 29 (0 384 64 ) (0 512 64 ) (432 512 64 ) (432 384 64 ) 
4 23 26 (0 384 64 ) (128 384 64 ) (128 384 208 ) (0 384 208 ) 
4 24 36 (896 32 208 ) (768 32 208 ) (768 32 64 ) (896 32 64 ) 
4 24 30 (896 32 64 ) (768 32 64 ) (768 96 64 ) (896 96 64 ) 
4 24 29 (768 96 64 ) (768 384 64 ) (896 384 64 ) (896 96 64 ) 
4 25 29 (736 352 64 ) (736 96 64 ) (128 96 64 ) (128 352 64 ) 
3 25 28 (281.346558 96 208 ) (128 96 208 ) (128 96 127.333328 ) 
5 25 27 (128 96 64 ) (736 96 64 ) (736 96 208 ) (311.762390 96 208 ) (128 96 111.333328 ) 
4 25 26 (128 352 64 ) (128 96 64 ) (128 96 208 ) (128 352 208 ) 
4 26 61 (0 384 64 ) (0 96 64 ) (0 96 208 ) (0 384 208 ) 
4 26 29 (0 96 64 ) (0 384 64 ) (128 384 64 ) (128 96 64 ) 
5 26 28 (0 96 64 ) (7.603962 96 64 ) (128 96 127.333328 ) (128 96 208 ) (0 96 208 ) 
3 26 27 (38.019802 96 64 ) (128 96 64 ) (128 96 111.333328 ) 
4 27 37 (736 32 208 ) (672 32 208 ) (672 32 64 ) (736 32 64 ) 
4 27 30 (736 32 64 ) (38.019836 32 64 ) (38.019802 96 64 ) (736 96 64 ) 
4 28 61 (0 96 64 ) (0 32 64 ) (0 32 208 ) (0 96 208 ) 
4 28 31 (7.603962 32 64 ) (0 32 64 ) (0 96 64 ) (7.603962 96 64 ) 
4 29 72 (0 1024 64 ) (0 1024 32 ) (0 96 32 ) (0 96 64 ) 
3 29 31 (7.603962 96 64 ) (0 96 64 ) (0 96 60 ) 
5 29 30 (0 96 32 ) (1024 96 32 ) (1024 96 64 ) (38.019836 96 64 ) (0 96 44 ) 
4 30 72 (0 96 32 ) (0 32 32 ) (0 32 44 ) (0 96 44 ) 
5 30 49 (312 32 64 ) (38.019836 32 64 ) (0 32 44 ) (0 32 32 ) (312 32 32 ) 
4 30 48 (376 32 64 ) (312 32 64 ) (312 32 32 ) (376 32 32 ) 
4 30 43 (1024 32 32 ) (1024 32 64 ) (376 32 64 ) (376 32 32 ) 
4 31 72 (0 32 60 ) (0 32 64 ) (0 96 64 ) (0 96 60 ) 
3 31 49 (7.603962 32 64 ) (0 32 64 ) (0 32 60 ) 
4 32 101 (568 0 2528 ) (0 0 2528 ) (0 0 448 ) (568 0 448 ) 
4 32 82 (652 0 2528 ) (568 0 2528 ) (568 0 448 ) (652 0 448 ) 
4 32 78 (672 0 2528 ) (652 0 2528 ) (652 0 448 ) (672 0 448 ) 
4 32 73 (1024 0 448 ) (1024 0 2528 ) (672 0 2528 ) (672 0 448 ) 
4 32 56 (0 0 448 ) (0 0 2528 ) (0 32 2528 ) (0 32 448 ) 
4 32 33 (1024 0 448 ) (672 0 448 ) (672 32 448 ) (1024 32 448 ) 
4 33 73 (1024 0 431.200043 ) (1024 0 448 ) (672 0 448 ) (672 0 431.200043 ) 
4 33 34 (672 32 431.200043 ) (1024 32 431.200043 ) (1024 0 431.200043 ) (672 0 431.200043 ) 
4 34 73 (1024 0 208 ) (1024 0 431.200043 ) (672 0 431.200043 ) (672 0 208 ) 
4 34 37 (672 0 208 ) (672 32 208 ) (736 32 208 ) (736 0 208 ) 
4 34 35 (944 32 208 ) (1024 32 208 ) (1024 0 208 ) (944 0 208 ) 
4 34 36 (768 32 208 ) (896 32 208 ) (896 0 208 ) (768 0 208 ) 
4 35 74 (1024 0 64 ) (1024 0 208 ) (944 0 208 ) (944 0 64 ) 
4 35 43 (944 32 64 ) (1024 32 64 ) (1024 0 64 ) (944 0 64 ) 
4 36 75 (896 0 208 ) (768 0 208 ) (768 0 64 ) (896 0 64 ) 
4 36 43 (768 32 64 ) (896 32 64 ) (896 0 64 ) (768 0 64 ) 
4 37 76 (736 0 208 ) (672 0 208 ) (672 0 64 ) (736 0 64 ) 
4 37 43 (672 32 64 ) (736 32 64 ) (736 0 64 ) (672 0 64 ) 
4 38 39 (428 16 368 ) (428 16 262 ) (500 16 262 ) (500 16 368 ) 
4 39 104 (428 0 431 ) (428 0 262 ) (500 0 262 ) (500 0 431 ) 
4 39 103 (500 0 262 ) (568 0 262 ) (568 0 431 ) (500 0 431 ) 
4 39 102 (568 0 431.200043 ) (428 0 431.200043 ) (428 0 431 ) (568 0 431 ) 
4 39 41 (428 0 262 ) (428 0 431.200043 ) (428 16 431.200043 ) (428 16 262 ) 
4 40 115 (428 0 232 ) (428 0 80.800003 ) (446 0 80.800003 ) (446 0 232 ) 
4 40 112 (446 0 80.800003 ) (518 0 80.800003 ) (518 0 232 ) (446 0 232 ) 
4 40 110 (518 0 80.800003 ) (568 0 80.800003 ) (568 0 232 ) (518 0 232 ) 
4 40 108 (428 0 248 ) (428 0 232 ) (568 0 232 ) (568 0 248 ) 
4 40 42 (428 0 80.800003 ) (428 0 248 ) (428 16 248 ) (428 16 80.800003 ) 
4 41 104 (376 0 431 ) (376 0 262 ) (428 0 262 ) (428 0 431 ) 
4 41 102 (428 0 431.200043 ) (376 0 431.200043 ) (376 0 431 ) (428 0 431 ) 
4 41 51 (376 0 262 ) (376 0 431 ) (376 16 431 ) (376 16 262 ) 
4 41 50 (376 0 431 ) (376 0 431.200043 ) (376 16 431.200043 ) (376 16 431 ) 
4 42 115 (396 0 80.800003 ) (428 0 80.800003 ) (428 0 232 ) (396 0 232 ) 
4 42 117 (376 0 232 ) (376 0 80.800003 ) (396 0 80.800003 ) (396 0 232 ) 
4 42 108 (376 0 248 ) (376 0 232 ) (428 0 232 ) (428 0 248 ) 
4 42 53 (376 0 80.800003 ) (376 0 248 ) (376 16 248 ) (376 16 80.800003 ) 
4 43 119 (568 0 64 ) (376 0 64 ) (376 0 32 ) (568 0 32 ) 
4 43 100 (652 0 64 ) (568 0 64 ) (568 0 32 ) (652 0 32 ) 
4 43 81 (672 0 64 ) (652 0 64 ) (652 0 32 ) (672 0 32 ) 
4 43 77 (1024 0 32 ) (1024 0 64 ) (672 0 64 ) (672 0 32 ) 
4 43 55 (376 0 32 ) (376 0 64 ) (376 16 64 ) (376 16 32 ) 
4 43 48 (376 16 64 ) (376 32 64 ) (376 32 32 ) (376 16 32 ) 
4 44 51 (376 16 364 ) (376 16 368 ) (312 16 368 ) (312 16 364 ) 
4 45 51 (376 16 340 ) (376 16 348 ) (312 16 348 ) (312 16 340 ) 
4 46 51 (376 16 316 ) (376 16 324 ) (312 16 324 ) (312 16 316 ) 
4 47 51 (376 16 292 ) (376 16 300 ) (312 16 300 ) (312 16 292 ) 
4 48 55 (376 16 32 ) (376 16 64 ) (312 16 64 ) (312 16 32 ) 
4 48 49 (312 16 32 ) (312 16 64 ) (312 32 64 ) (312 32 32 ) 
4 49 72 (0 16 32 ) (0 16 64 ) (0 32 64 ) (0 32 32 ) 
4 49 55 (0 16 64 ) (0 16 32 ) (312 16 32 ) (312 16 64 ) 
4 50 102 (376 0 431 ) (376 0 431.200043 ) (0 0 431.200043 ) (0 0 431 ) 
4 50 64 (0 0 431 ) (0 0 431.200043 ) (0 16 431.200043 ) (0 16 431 ) 
4 50 52 (0 0 431 ) (0 16 431 ) (284 16 431 ) (284 0 431 ) 
4 50 51 (298 16 431 ) (376 16 431 ) (376 0 431 ) (298 0 431 ) 
4 51 106 (372 0 431 ) (298 0 431 ) (298 0 262 ) (372 0 262 ) 
4 51 104 (376 0 262 ) (376 0 431 ) (372 0 431 ) (372 0 262 ) 
4 52 107 (284 0 431 ) (0 0 431 ) (0 0 262 ) (284 0 262 ) 
4 52 64 (0 0 262 ) (0 0 431 ) (0 16 431 ) (0 16 262 ) 
4 53 117 (376 0 80.800003 ) (376 0 232 ) (298 0 232 ) (298 0 80.800003 ) 
4 53 108 (376 0 232 ) (376 0 248 ) (298 0 248 ) (298 0 232 ) 
4 54 118 (0 0 232 ) (0 0 80.800003 ) (284 0 80.800003 ) (284 0 232 ) 
4 54 109 (284 0 248 ) (0 0 248 ) (0 0 232 ) (284 0 232 ) 
4 54 65 (0 0 80.800003 ) (0 0 248 ) (0 16 248 ) (0 16 80.800003 ) 
4 55 119 (376 0 32 ) (376 0 64 ) (0 0 64 ) (0 0 32 ) 
4 55 72 (0 0 32 ) (0 0 64 ) (0 16 64 ) (0 16 32 ) 
4 56 160 (-1024 1024 2528 ) (-1024 1024 448 ) (-1024 0 448 ) (-1024 0 2528 ) 
4 56 139 (0 0 448 ) (0 0 2528 ) (-1024 0 2528 ) (-1024 0 448 ) 
4 56 57 (-128 1024 448 ) (0 1024 448 ) (0 32 448 ) (-128 32 448 ) 
4 56 58 (-1024 1024 448 ) (-128 1024 448 ) (-128 0 448 ) (-1024 0 448 ) 
4 57 59 (-128 32 431.200043 ) (-128 1024 431.200043 ) (0 1024 431.200043 ) (0 32 431.200043 ) 
4 57 58 (-128 1024 431.200043 ) (-128 32 431.200043 ) (-128 32 448 ) (-128 1024 448 ) 
4 58 160 (-1024 1024 448 ) (-1024 1024 431.200043 ) (-1024 0 431.200043 ) (-1024 0 448 ) 
4 58 141 (-128 0 448 ) (-1024 0 448 ) (-1024 0 431.200043 ) (-128 0 431.200043 ) 
4 58 70 (-416 0 431.200043 ) (-464 0 431.200043 ) (-464 560 431.200043 ) (-416 560 431.200043 ) 
4 58 69 (-464 560 431.200043 ) (-464 1024 431.200043 ) (-416 1024 431.200043 ) (-416 560 431.200043 ) 
4 58 71 (-464 0 431.200043 ) (-1024 0 431.200043 ) (-1024 1024 431.200043 ) (-464 1024 431.200043 ) 
4 58 67 (-224 0 431.200043 ) (-256 0 431.200043 ) (-256 32 431.200043 ) (-224 32 431.200043 ) 
4 58 66 (-128 0 431.200043 ) (-224 0 431.200043 ) (-224 32 431.200043 ) (-128 32 431.200043 ) 
4 58 68 (-256 0 431.200043 ) (-416 0 431.200043 ) (-416 32 431.200043 ) (-256 32 431.200043 ) 
4 58 59 (-416 32 431.200043 ) (-416 1024 431.200043 ) (-128 1024 431.200043 ) (-128 32 431.200043 ) 
4 59 70 (-416 32 208 ) (-416 32 431.200043 ) (-416 560 431.200043 ) (-416 560 208 ) 
4 59 69 (-416 560 431.200043 ) (-416 1024 431.200043 ) (-416 1024 208 ) (-416 560 208 ) 
4 59 67 (-256 32 208 ) (-224 32 208 ) (-224 32 431.200043 ) (-256 32 431.200043 ) 
4 59 66 (-224 32 208 ) (-128 32 208 ) (-128 32 431.200043 ) (-224 32 431.200043 ) 
4 59 68 (-416 32 431.200043 ) (-416 32 208 ) (-256 32 208 ) (-256 32 431.200043 ) 
4 59 62 (-256 128 208 ) (-256 512 208 ) (-224 512 208 ) (-224 128 208 ) 
4 59 61 (0 32 208 ) (-224 32 208 ) (-224 512 208 ) (0 512 208 ) 
4 59 63 (-256 32 208 ) (-416 32 208 ) (-416 512 208 ) (-256 512 208 ) 
4 59 60 (-416 560 208 ) (-416 1024 208 ) (0 1024 208 ) (0 560 208 ) 
4 60 72 (-416 1024 64 ) (0 1024 64 ) (0 560 64 ) (-416 560 64 ) 
4 60 69 (-416 1024 64 ) (-416 560 64 ) (-416 560 208 ) (-416 1024 208 ) 
4 61 72 (0 512 64 ) (0 32 64 ) (-224 32 64 ) (-224 512 64 ) 
4 61 66 (-224 32 64 ) (-128 32 64 ) (-128 32 208 ) (-224 32 208 ) 
4 61 62 (-224 512 208 ) (-224 512 64 ) (-224 128 64 ) (-224 128 208 ) 
4 62 72 (-256 128 64 ) (-256 512 64 ) (-224 512 64 ) (-224 128 64 ) 
4 62 63 (-256 512 208 ) (-256 512 64 ) (-256 128 64 ) (-256 128 208 ) 
4 63 72 (-256 32 64 ) (-416 32 64 ) (-416 512 64 ) (-256 512 64 ) 
4 63 68 (-416 32 208 ) (-416 32 64 ) (-256 32 64 ) (-256 32 208 ) 
4 64 142 (0 0 262 ) (0 0 431.200043 ) (-104 0 431.200043 ) (-104 0 262 ) 
4 65 145 (0 0 80.800003 ) (0 0 188 ) (-104 0 188 ) (-104 0 80.800003 ) 
4 65 144 (0 0 188 ) (0 0 248 ) (-104 0 248 ) (-104 0 188 ) 
4 66 147 (-128 0 431.200043 ) (-224 0 431.200043 ) (-224 0 64 ) (-128 0 64 ) 
4 66 72 (-128 0 64 ) (-224 0 64 ) (-224 32 64 ) (-128 32 64 ) 
4 66 67 (-224 32 431.200043 ) (-224 32 208 ) (-224 0 208 ) (-224 0 431.200043 ) 
4 67 148 (-224 0 431.200043 ) (-256 0 431.200043 ) (-256 0 208 ) (-224 0 208 ) 
4 67 68 (-256 32 431.200043 ) (-256 32 208 ) (-256 0 208 ) (-256 0 431.200043 ) 
4 68 153 (-256 0 431.200043 ) (-416 0 431.200043 ) (-416 0 64 ) (-256 0 64 ) 
4 68 72 (-256 0 64 ) (-416 0 64 ) (-416 32 64 ) (-256 32 64 ) 
4 68 70 (-416 0 208 ) (-416 0 431.200043 ) (-416 32 431.200043 ) (-416 32 208 ) 
4 69 72 (-464 1024 64 ) (-416 1024 64 ) (-416 560 64 ) (-464 560 64 ) 
4 69 70 (-464 560 431.200043 ) (-464 560 208 ) (-416 560 208 ) (-416 560 431.200043 ) 
4 69 71 (-464 1024 64 ) (-464 560 64 ) (-464 560 431.200043 ) (-464 1024 431.200043 ) 
4 70 154 (-416 0 431.200043 ) (-464 0 431.200043 ) (-464 0 208 ) (-416 0 208 ) 
4 70 71 (-464 0 208 ) (-464 0 431.200043 ) (-464 560 431.200043 ) (-464 560 208 ) 
4 71 160 (-1024 1024 431.200043 ) (-1024 1024 64 ) (-1024 0 64 ) (-1024 0 431.200043 ) 
4 71 155 (-464 0 431.200043 ) (-1024 0 431.200043 ) (-1024 0 64 ) (-464 0 64 ) 
4 71 72 (-1024 1024 64 ) (-464 1024 64 ) (-464 0 64 ) (-1024 0 64 ) 
4 72 160 (-1024 1024 64 ) (-1024 1024 32 ) (-1024 0 32 ) (-1024 0 64 ) 
4 72 159 (0 0 32 ) (0 0 64 ) (-1024 0 64 ) (-1024 0 32 ) 
4 73 127 (736 -416 431.200043 ) (672 -416 431.200043 ) (672 -416 208 ) (736 -416 208 ) 
4 73 126 (768 -416 431.200043 ) (736 -416 431.200043 ) (736 -416 208 ) (768 -416 208 ) 
4 73 124 (944 -416 431.200043 ) (896 -416 431.200043 ) (896 -416 208 ) (944 -416 208 ) 
4 73 123 (1024 -416 208 ) (1024 -416 431.200043 ) (944 -416 431.200043 ) (944 -416 208 ) 
4 73 125 (896 -416 431.200043 ) (768 -416 431.200043 ) (768 -416 208 ) (896 -416 208 ) 
4 73 120 (1024 -416 431.200043 ) (1024 -416 2528 ) (672 -416 2528 ) (672 -416 431.200043 ) 
4 73 79 (672 -336 368 ) (672 -336 262 ) (672 -406 262 ) (672 -406 368 ) 
4 73 78 (672 -416 448 ) (672 -416 2528 ) (672 0 2528 ) (672 0 448 ) 
4 73 75 (896 -416 208 ) (768 -416 208 ) (768 0 208 ) (896 0 208 ) 
4 73 76 (736 -416 208 ) (672 -416 208 ) (672 0 208 ) (736 0 208 ) 
4 73 74 (1024 -416 208 ) (944 -416 208 ) (944 0 208 ) (1024 0 208 ) 
4 74 123 (1024 -416 64 ) (1024 -416 208 ) (944 -416 208 ) (944 -416 64 ) 
4 74 77 (1024 -416 64 ) (944 -416 64 ) (944 0 64 ) (1024 0 64 ) 
4 75 125 (896 -416 208 ) (768 -416 208 ) (768 -416 64 ) (896 -416 64 ) 
4 75 77 (896 -416 64 ) (768 -416 64 ) (768 0 64 ) (896 0 64 ) 
4 76 130 (672 -416 80.800003 ) (672 -416 64 ) (736 -416 64 ) (736 -416 80.800003 ) 
4 76 127 (736 -416 208 ) (672 -416 208 ) (672 -416 80.800003 ) (736 -416 80.800003 ) 
4 76 77 (736 -416 64 ) (672 -416 64 ) (672 0 64 ) (736 0 64 ) 
4 77 138 (1024 -416 32 ) (1024 -416 64 ) (672 -416 64 ) (672 -416 32 ) 
4 77 81 (672 -416 32 ) (672 -416 64 ) (672 0 64 ) (672 0 32 ) 
4 78 121 (672 -416 448 ) (672 -416 2528 ) (652 -416 2528 ) (652 -416 448 ) 
4 78 82 (652 0 2528 ) (652 0 448 ) (652 -416 448 ) (652 -416 2528 ) 
4 80 83 (652 -406 262 ) (652 -406 368 ) (652 -336 368 ) (652 -336 262 ) 
4 81 138 (672 -416 32 ) (672 -416 64 ) (652 -416 64 ) (652 -416 32 ) 
4 81 100 (652 0 64 ) (652 0 32 ) (652 -416 32 ) (652 -416 64 ) 
4 82 121 (652 -416 448 ) (652 -416 2528 ) (568 -416 2528 ) (568 -416 448 ) 
4 82 101 (568 -416 448 ) (568 -416 2528 ) (568 0 2528 ) (568 0 448 ) 
4 83 86 (576 -48 262 ) (652 -48 262 ) (652 -320 262 ) (576 -320 262 ) 
4 83 84 (576 -48 431.200043 ) (576 -48 310.571014 ) (576 -256 310.571014 ) (576 -256 431.200043 ) 
4 83 85 (576 -256 262 ) (576 -416 262 ) (576 -416 431.200043 ) (576 -256 431.200043 ) 
4 84 103 (568 -48 431 ) (568 -48 310.571014 ) (568 -256 310.571014 ) (568 -256 431 ) 
4 84 102 (568 -256 431.200043 ) (568 -48 431.200043 ) (568 -48 431 ) (568 -256 431 ) 
4 84 85 (576 -256 310.571014 ) (576 -256 431.200043 ) (568 -256 431.200043 ) (568 -256 310.571014 ) 
4 85 103 (568 -416 262 ) (568 -416 431 ) (568 -256 431 ) (568 -256 262 ) 
4 85 102 (568 -416 431 ) (568 -416 431.200043 ) (568 -256 431.200043 ) (568 -256 431 ) 
4 85 87 (568 -320 262 ) (568 -256 262 ) (576 -256 262 ) (576 -320 262 ) 
4 86 88 (576 -48 248 ) (652 -48 248 ) (652 -309 248 ) (576 -309 248 ) 
4 86 87 (576 -256 248 ) (576 -320 248 ) (576 -320 262 ) (576 -256 262 ) 
4 87 88 (568 -309 248 ) (568 -256 248 ) (576 -256 248 ) (576 -309 248 ) 
4 88 108 (568 -309 248 ) (568 -48 248 ) (568 -48 234 ) (568 -309 234 ) 
4 88 89 (568 -298 234 ) (568 -48 234 ) (652 -48 234 ) (652 -298 234 ) 
4 89 110 (568 -48 232 ) (568 -48 220 ) (568 -298 220 ) (568 -298 232 ) 
4 89 108 (568 -298 234 ) (568 -48 234 ) (568 -48 232 ) (568 -298 232 ) 
4 89 90 (568 -287 220 ) (568 -48 220 ) (652 -48 220 ) (652 -287 220 ) 
4 90 110 (568 -287 220 ) (568 -48 220 ) (568 -48 206 ) (568 -287 206 ) 
4 90 91 (568 -276 206 ) (568 -48 206 ) (652 -48 206 ) (652 -276 206 ) 
4 91 110 (568 -276 206 ) (568 -48 206 ) (568 -48 192 ) (568 -276 192 ) 
4 91 92 (568 -265 192 ) (568 -48 192 ) (652 -48 192 ) (652 -265 192 ) 
4 92 110 (568 -265 192 ) (568 -48 192 ) (568 -48 178 ) (568 -265 178 ) 
4 92 93 (568 -254 178 ) (568 -48 178 ) (652 -48 178 ) (652 -254 178 ) 
4 93 110 (568 -254 178 ) (568 -48 178 ) (568 -48 164 ) (568 -254 164 ) 
4 93 94 (568 -243 164 ) (568 -48 164 ) (652 -48 164 ) (652 -243 164 ) 
4 94 110 (568 -243 164 ) (568 -48 164 ) (568 -48 150 ) (568 -243 150 ) 
4 94 95 (568 -232 150 ) (568 -48 150 ) (652 -48 150 ) (652 -232 150 ) 
4 95 110 (568 -232 150 ) (568 -48 150 ) (568 -48 136 ) (568 -232 136 ) 
4 95 96 (568 -221 136 ) (568 -48 136 ) (652 -48 136 ) (652 -221 136 ) 
4 96 110 (568 -221 136 ) (568 -48 136 ) (568 -48 122 ) (568 -221 122 ) 
4 96 97 (568 -210 122 ) (568 -48 122 ) (652 -48 122 ) (652 -210 122 ) 
4 97 110 (568 -210 122 ) (568 -48 122 ) (568 -48 108 ) (568 -210 108 ) 
4 97 98 (568 -199 108 ) (568 -48 108 ) (652 -48 108 ) (652 -199 108 ) 
4 98 110 (568 -199 108 ) (568 -48 108 ) (568 -48 94 ) (568 -199 94 ) 
4 98 99 (568 -188 94 ) (568 -48 94 ) (652 -48 94 ) (652 -188 94 ) 
4 99 110 (568 -188 94 ) (568 -48 94 ) (568 -48 80.800003 ) (568 -188 80.800003 ) 
4 100 138 (652 -416 32 ) (652 -416 64 ) (568 -416 64 ) (568 -416 32 ) 
4 100 119 (568 -416 32 ) (568 -416 64 ) (568 0 64 ) (568 0 32 ) 
4 101 139 (0 0 2528 ) (0 0 448 ) (0 -416 448 ) (0 -416 2528 ) 
4 101 121 (568 -416 448 ) (568 -416 2528 ) (0 -416 2528 ) (0 -416 448 ) 
4 102 143 (0 -256 431 ) (0 -416 431 ) (0 -416 431.200043 ) (0 -256 431.200043 ) 
4 102 142 (0 0 431.200043 ) (0 0 431 ) (0 -256 431 ) (0 -256 431.200043 ) 
4 102 106 (372 -416 431 ) (298 -416 431 ) (298 0 431 ) (372 0 431 ) 
4 102 107 (284 -416 431 ) (0 -416 431 ) (0 0 431 ) (284 0 431 ) 
4 102 105 (500 -416 431 ) (372 -416 431 ) (372 -384 431 ) (500 -384 431 ) 
4 102 104 (372 -384 431 ) (372 0 431 ) (500 0 431 ) (500 -384 431 ) 
4 102 103 (568 0 431 ) (568 -416 431 ) (500 -416 431 ) (500 0 431 ) 
4 103 105 (500 -416 290 ) (500 -416 431 ) (500 -384 431 ) (500 -384 290 ) 
4 103 104 (500 0 262 ) (500 -384 262 ) (500 -384 431 ) (500 0 431 ) 
4 104 106 (372 0 262 ) (372 -384 262 ) (372 -384 431 ) (372 0 431 ) 
4 104 105 (372 -384 431 ) (372 -384 290 ) (500 -384 290 ) (500 -384 431 ) 
4 105 106 (372 -416 290 ) (372 -416 431 ) (372 -384 431 ) (372 -384 290 ) 
4 107 143 (0 -256 262 ) (0 -416 262 ) (0 -416 431 ) (0 -256 431 ) 
4 107 142 (0 0 431 ) (0 0 262 ) (0 -256 262 ) (0 -256 431 ) 
4 108 115 (396 -328 232 ) (396 0 232 ) (446 0 232 ) (446 -328 232 ) 
4 108 117 (396 -416 232 ) (298 -416 232 ) (298 0 232 ) (396 0 232 ) 
4 108 112 (446 -328 232 ) (446 0 232 ) (518 0 232 ) (518 -328 232 ) 
4 108 110 (568 0 232 ) (568 -328 232 ) (518 -328 232 ) (518 0 232 ) 
4 109 144 (0 0 248 ) (0 0 232 ) (0 -416 232 ) (0 -416 248 ) 
4 109 118 (284 -416 232 ) (0 -416 232 ) (0 0 232 ) (284 0 232 ) 
4 110 112 (518 0 80.800003 ) (518 -328 80.800003 ) (518 -328 232 ) (518 0 232 ) 
4 110 111 (518 -328 82 ) (518 -328 80.800003 ) (568 -328 80.800003 ) (568 -328 82 ) 
4 111 114 (518 -336 80.800003 ) (518 -416 80.800003 ) (518 -416 82 ) (518 -336 82 ) 
4 111 113 (518 -328 80.800003 ) (518 -336 80.800003 ) (518 -336 82 ) (518 -328 82 ) 
4 112 115 (446 0 80.800003 ) (446 -328 80.800003 ) (446 -328 232 ) (446 0 232 ) 
4 112 113 (446 -328 188 ) (446 -328 80.800003 ) (518 -328 80.800003 ) (518 -328 188 ) 
4 113 116 (446 -328 80.800003 ) (446 -336 80.800003 ) (446 -336 82 ) (446 -328 82 ) 
4 113 114 (446 -336 188 ) (446 -336 80.800003 ) (518 -336 80.800003 ) (518 -336 188 ) 
4 114 128 (446 -416 188 ) (446 -416 80.800003 ) (518 -416 80.800003 ) (518 -416 188 ) 
4 114 116 (446 -336 80.800003 ) (446 -416 80.800003 ) (446 -416 82 ) (446 -336 82 ) 
4 115 116 (396 -328 82 ) (396 -328 80.800003 ) (446 -328 80.800003 ) (446 -328 82 ) 
4 115 117 (396 0 80.800003 ) (396 -328 80.800003 ) (396 -328 232 ) (396 0 232 ) 
4 116 129 (396 -416 82 ) (396 -416 80.800003 ) (446 -416 80.800003 ) (446 -416 82 ) 
4 116 117 (396 -328 80.800003 ) (396 -416 80.800003 ) (396 -416 82 ) (396 -328 82 ) 
4 117 129 (298 -416 82 ) (298 -416 80.800003 ) (396 -416 80.800003 ) (396 -416 82 ) 
4 118 145 (0 0 188 ) (0 0 80.800003 ) (0 -416 80.800003 ) (0 -416 188 ) 
4 118 144 (0 0 232 ) (0 0 188 ) (0 -416 188 ) (0 -416 232 ) 
4 118 129 (0 -416 82 ) (0 -416 80.800003 ) (284 -416 80.800003 ) (284 -416 82 ) 
4 119 159 (0 0 64 ) (0 0 32 ) (0 -416 32 ) (0 -416 64 ) 
4 119 138 (568 -416 32 ) (568 -416 64 ) (0 -416 64 ) (0 -416 32 ) 
4 120 162 (1024 -1024 431.200043 ) (1024 -1024 2528 ) (672 -1024 2528 ) (672 -1024 431.200043 ) 
4 120 136 (672 -664.677979 431.200043 ) (672 -624 431.200043 ) (944 -624 431.200043 ) (944 -664.677979 431.200043 ) 
4 120 137 (944 -1024 431.200043 ) (672 -1024 431.200043 ) (672 -664.677979 431.200043 ) (944 -664.677979 431.200043 ) 
4 120 135 (1024 -1024 431.200043 ) (944 -1024 431.200043 ) (944 -624 431.200043 ) (1024 -624 431.200043 ) 
4 120 133 (672 -560 431.200043 ) (672 -528 431.200043 ) (768 -528 431.200043 ) (768 -560 431.200043 ) 
4 120 134 (672 -624 431.200043 ) (672 -560 431.200043 ) (768 -560 431.200043 ) (768 -624 431.200043 ) 
4 120 131 (736 -432 431.200043 ) (768 -432 431.200043 ) (768 -528 431.200043 ) (736 -528 431.200043 ) 
4 120 132 (672 -528 431.200043 ) (672 -432 431.200043 ) (736 -432 431.200043 ) (736 -528 431.200043 ) 
4 120 127 (672 -432 431.200043 ) (672 -416 431.200043 ) (736 -416 431.200043 ) (736 -432 431.200043 ) 
4 120 126 (736 -416 431.200043 ) (768 -416 431.200043 ) (768 -432 431.200043 ) (736 -432 431.200043 ) 
4 120 124 (896 -416 431.200043 ) (944 -416 431.200043 ) (944 -624 431.200043 ) (896 -624 431.200043 ) 
4 120 123 (944 -416 431.200043 ) (1024 -416 431.200043 ) (1024 -624 431.200043 ) (944 -624 431.200043 ) 
4 120 125 (768 -416 431.200043 ) (896 -416 431.200043 ) (896 -624 431.200043 ) (768 -624 431.200043 ) 
4 120 121 (672 -432 448 ) (672 -432 2528 ) (672 -416 2528 ) (672 -416 448 ) 
4 120 122 (672 -432 431.200043 ) (672 -1024 431.200043 ) (672 -1024 2528 ) (672 -432 2528 ) 
4 121 139 (0 -432 2528 ) (0 -416 2528 ) (0 -416 448 ) (0 -432 448 ) 
4 121 122 (672 -432 448 ) (672 -432 2528 ) (0 -432 2528 ) (0 -432 448 ) 
4 122 162 (672 -1024 2528 ) (0 -1024 2528 ) (0 -1024 431.200043 ) (672 -1024 431.200043 ) 
4 122 140 (0 -1024 431.200043 ) (0 -1024 448 ) (0 -432 448 ) (0 -432 431.200043 ) 
4 122 139 (0 -1024 448 ) (0 -1024 2528 ) (0 -432 2528 ) (0 -432 448 ) 
4 122 136 (0 -664.677979 431.200043 ) (0 -624 431.200043 ) (672 -624 431.200043 ) (672 -664.677979 431.200043 ) 
4 122 137 (672 -1024 431.200043 ) (0 -1024 431.200043 ) (0 -664.677979 431.200043 ) (672 -664.677979 431.200043 ) 
4 122 133 (0 -560 431.200043 ) (0 -528 431.200043 ) (672 -528 431.200043 ) (672 -560 431.200043 ) 
4 122 134 (0 -624 431.200043 ) (0 -560 431.200043 ) (672 -560 431.200043 ) (672 -624 431.200043 ) 
4 122 132 (0 -528 431.200043 ) (0 -432 431.200043 ) (672 -432 431.200043 ) (672 -528 431.200043 ) 
4 123 138 (944 -416 64 ) (1024 -416 64 ) (1024 -624 64 ) (944 -624 64 ) 
4 123 135 (944 -624 64 ) (1024 -624 64 ) (1024 -624 431.200043 ) (944 -624 431.200043 ) 
4 123 124 (944 -624 208 ) (944 -624 431.200043 ) (944 -416 431.200043 ) (944 -416 208 ) 
4 124 136 (944 -624 208 ) (944 -624 431.200043 ) (896 -624 431.200043 ) (896 -624 208 ) 
4 124 125 (896 -624 208 ) (896 -624 431.200043 ) (896 -416 431.200043 ) (896 -416 208 ) 
4 125 138 (768 -416 64 ) (896 -416 64 ) (896 -624 64 ) (768 -624 64 ) 
4 125 136 (896 -624 208 ) (896 -624 431.200043 ) (768 -624 431.200043 ) (768 -624 208 ) 
4 125 133 (768 -560 208 ) (768 -560 431.200043 ) (768 -528 431.200043 ) (768 -528 208 ) 
4 125 134 (768 -560 64 ) (768 -624 64 ) (768 -624 431.200043 ) (768 -560 431.200043 ) 
4 125 131 (768 -528 208 ) (768 -528 431.200043 ) (768 -432 431.200043 ) (768 -432 208 ) 
4 125 126 (768 -432 208 ) (768 -432 431.200043 ) (768 -416 431.200043 ) (768 -416 208 ) 
4 126 131 (768 -432 208 ) (768 -432 431.200043 ) (736 -432 431.200043 ) (736 -432 208 ) 
4 126 127 (736 -432 208 ) (736 -432 431.200043 ) (736 -416 431.200043 ) (736 -416 208 ) 
4 127 132 (736 -432 431.200043 ) (672 -432 431.200043 ) (672 -432 80.800003 ) (736 -432 80.800003 ) 
4 127 130 (736 -432 80.800003 ) (672 -432 80.800003 ) (672 -416 80.800003 ) (736 -416 80.800003 ) 
4 128 132 (446 -432 80.800003 ) (518 -432 80.800003 ) (518 -432 188 ) (446 -432 188 ) 
4 128 129 (446 -416 80.800003 ) (446 -432 80.800003 ) (446 -432 82 ) (446 -416 82 ) 
4 129 146 (0 -416 82 ) (0 -416 80.800003 ) (0 -432 80.800003 ) (0 -432 82 ) 
4 129 132 (0 -432 82 ) (0 -432 80.800003 ) (446 -432 80.800003 ) (446 -432 82 ) 
4 130 138 (672 -416 64 ) (736 -416 64 ) (736 -432 64 ) (672 -432 64 ) 
4 130 132 (672 -432 64 ) (736 -432 64 ) (736 -432 80.800003 ) (672 -432 80.800003 ) 
4 131 133 (768 -528 208 ) (768 -528 431.200043 ) (736 -528 431.200043 ) (736 -528 208 ) 
4 131 132 (736 -432 431.200043 ) (736 -432 208 ) (736 -528 208 ) (736 -528 431.200043 ) 
4 132 149 (0 -528 431.200043 ) (0 -432 431.200043 ) (0 -432 64 ) (0 -528 64 ) 
4 132 138 (0 -528 64 ) (0 -432 64 ) (736 -432 64 ) (736 -528 64 ) 
4 132 133 (736 -528 208 ) (736 -528 431.200043 ) (0 -528 431.200043 ) (0 -528 208 ) 
4 133 151 (0 -560 431.200043 ) (0 -528 431.200043 ) (0 -528 208 ) (0 -560 208 ) 
4 133 134 (768 -560 208 ) (768 -560 431.200043 ) (0 -560 431.200043 ) (0 -560 208 ) 
4 134 152 (0 -624 431.200043 ) (0 -560 431.200043 ) (0 -560 64 ) (0 -624 64 ) 
4 134 138 (0 -624 64 ) (0 -560 64 ) (768 -560 64 ) (768 -624 64 ) 
4 134 136 (768 -624 208 ) (768 -624 431.200043 ) (0 -624 431.200043 ) (0 -624 208 ) 
4 135 162 (1024 -1024 64 ) (1024 -1024 431.200043 ) (944 -1024 431.200043 ) (944 -1024 64 ) 
4 135 138 (944 -624 64 ) (1024 -624 64 ) (1024 -1024 64 ) (944 -1024 64 ) 
4 135 136 (944 -624 431.200043 ) (944 -624 208 ) (944 -664.677979 208 ) (944 -664.677979 431.200043 ) 
4 135 137 (944 -664.677979 64 ) (944 -1024 64 ) (944 -1024 431.200043 ) (944 -664.677979 431.200043 ) 
4 136 156 (0 -664.677979 431.200043 ) (0 -624 431.200043 ) (0 -624 208 ) (0 -664.677979 208 ) 
4 136 137 (944 -664.677979 208 ) (944 -664.677979 431.200043 ) (0 -664.677979 431.200043 ) (0 -664.677979 208 ) 
4 137 162 (944 -1024 431.200043 ) (0 -1024 431.200043 ) (0 -1024 64 ) (944 -1024 64 ) 
4 137 157 (0 -1024 64 ) (0 -1024 431.200043 ) (0 -664.677979 431.200043 ) (0 -664.677979 64 ) 
4 137 138 (0 -1024 64 ) (0 -664.677979 64 ) (944 -664.677979 64 ) (944 -1024 64 ) 
4 138 162 (1024 -1024 32 ) (1024 -1024 64 ) (0 -1024 64 ) (0 -1024 32 ) 
4 138 159 (0 -1024 32 ) (0 -1024 64 ) (0 -416 64 ) (0 -416 32 ) 
4 139 163 (0 -1024 448 ) (0 -1024 2528 ) (-1024 -1024 2528 ) (-1024 -1024 448 ) 
4 139 161 (-1024 -1024 448 ) (-1024 -1024 2528 ) (-1024 0 2528 ) (-1024 0 448 ) 
4 139 140 (0 -432 448 ) (0 -1024 448 ) (-128 -1024 448 ) (-128 -432 448 ) 
4 139 141 (-128 -1024 448 ) (-1024 -1024 448 ) (-1024 0 448 ) (-128 0 448 ) 
4 140 163 (0 -1024 431.200043 ) (0 -1024 448 ) (-128 -1024 448 ) (-128 -1024 431.200043 ) 
4 140 156 (-128 -664.677979 431.200043 ) (-128 -624 431.200043 ) (0 -624 431.200043 ) (0 -664.677979 431.200043 ) 
4 140 157 (0 -1024 431.200043 ) (-128 -1024 431.200043 ) (-128 -664.677979 431.200043 ) (0 -664.677979 431.200043 ) 
4 140 151 (-128 -560 431.200043 ) (-128 -528 431.200043 ) (0 -528 431.200043 ) (0 -560 431.200043 ) 
4 140 152 (-128 -624 431.200043 ) (-128 -560 431.200043 ) (0 -560 431.200043 ) (0 -624 431.200043 ) 
4 140 149 (-128 -528 431.200043 ) (-128 -432 431.200043 ) (0 -432 431.200043 ) (0 -528 431.200043 ) 
4 140 141 (-128 -432 431.200043 ) (-128 -1024 431.200043 ) (-128 -1024 448 ) (-128 -432 448 ) 
4 141 163 (-128 -1024 448 ) (-1024 -1024 448 ) (-1024 -1024 431.200043 ) (-128 -1024 431.200043 ) 
4 141 161 (-1024 -1024 431.200043 ) (-1024 -1024 448 ) (-1024 0 448 ) (-1024 0 431.200043 ) 
4 141 156 (-464 -664.677979 431.200043 ) (-464 -624 431.200043 ) (-128 -624 431.200043 ) (-128 -664.677979 431.200043 ) 
4 141 157 (-128 -1024 431.200043 ) (-464 -1024 431.200043 ) (-464 -664.677979 431.200043 ) (-128 -664.677979 431.200043 ) 
4 141 158 (-464 -1024 431.200043 ) (-1024 -1024 431.200043 ) (-1024 -624 431.200043 ) (-464 -624 431.200043 ) 
4 141 154 (-464 0 431.200043 ) (-416 0 431.200043 ) (-416 -624 431.200043 ) (-464 -624 431.200043 ) 
4 141 153 (-416 0 431.200043 ) (-256 0 431.200043 ) (-256 -624 431.200043 ) (-416 -624 431.200043 ) 
4 141 155 (-1024 -624 431.200043 ) (-1024 0 431.200043 ) (-464 0 431.200043 ) (-464 -624 431.200043 ) 
4 141 151 (-128 -528 431.200043 ) (-128 -560 431.200043 ) (-256 -560 431.200043 ) (-256 -528 431.200043 ) 
4 141 152 (-128 -560 431.200043 ) (-128 -624 431.200043 ) (-256 -624 431.200043 ) (-256 -560 431.200043 ) 
4 141 150 (-224 -528 431.200043 ) (-256 -528 431.200043 ) (-256 -432 431.200043 ) (-224 -432 431.200043 ) 
4 141 149 (-128 -432 431.200043 ) (-128 -528 431.200043 ) (-224 -528 431.200043 ) (-224 -432 431.200043 ) 
4 141 148 (-256 0 431.200043 ) (-224 0 431.200043 ) (-224 -432 431.200043 ) (-256 -432 431.200043 ) 
4 141 147 (-224 0 431.200043 ) (-128 0 431.200043 ) (-128 -432 431.200043 ) (-224 -432 431.200043 ) 
4 142 143 (-104 -256 431.200043 ) (-104 -256 262 ) (0 -256 262 ) (0 -256 431.200043 ) 
4 144 145 (-104 -416 188 ) (-104 0 188 ) (0 0 188 ) (0 -416 188 ) 
4 145 146 (-104 -416 80.800003 ) (0 -416 80.800003 ) (0 -416 82 ) (-104 -416 82 ) 
4 146 149 (0 -432 80.800003 ) (0 -432 82 ) (-104 -432 82 ) (-104 -432 80.800003 ) 
4 147 159 (-128 -432 64 ) (-224 -432 64 ) (-224 0 64 ) (-128 0 64 ) 
4 147 149 (-224 -432 64 ) (-128 -432 64 ) (-128 -432 431.200043 ) (-224 -432 431.200043 ) 
4 147 148 (-224 -432 208 ) (-224 -432 431.200043 ) (-224 0 431.200043 ) (-224 0 208 ) 
4 148 153 (-256 -432 208 ) (-256 -432 431.200043 ) (-256 0 431.200043 ) (-256 0 208 ) 
4 148 150 (-256 -432 431.200043 ) (-256 -432 208 ) (-224 -432 208 ) (-224 -432 431.200043 ) 
4 149 159 (0 -432 64 ) (0 -528 64 ) (-224 -528 64 ) (-224 -432 64 ) 
4 149 151 (0 -528 208 ) (0 -528 431.200043 ) (-224 -528 431.200043 ) (-224 -528 208 ) 
4 149 150 (-224 -432 431.200043 ) (-224 -432 208 ) (-224 -528 208 ) (-224 -528 431.200043 ) 
4 150 153 (-256 -528 208 ) (-256 -528 431.200043 ) (-256 -432 431.200043 ) (-256 -432 208 ) 
4 150 151 (-256 -528 431.200043 ) (-256 -528 208 ) (-224 -528 208 ) (-224 -528 431.200043 ) 
4 151 153 (-256 -560 208 ) (-256 -560 431.200043 ) (-256 -528 431.200043 ) (-256 -528 208 ) 
4 151 152 (-256 -560 431.200043 ) (-256 -560 208 ) (0 -560 208 ) (0 -560 431.200043 ) 
4 152 159 (0 -560 64 ) (0 -624 64 ) (-256 -624 64 ) (-256 -560 64 ) 
4 152 156 (0 -624 208 ) (0 -624 431.200043 ) (-256 -624 431.200043 ) (-256 -624 208 ) 
4 152 153 (-256 -560 64 ) (-256 -624 64 ) (-256 -624 431.200043 ) (-256 -560 431.200043 ) 
4 153 159 (-256 -624 64 ) (-416 -624 64 ) (-416 0 64 ) (-256 0 64 ) 
4 153 156 (-256 -624 208 ) (-256 -624 431.200043 ) (-416 -624 431.200043 ) (-416 -624 208 ) 
4 153 154 (-416 -624 208 ) (-416 -624 431.200043 ) (-416 0 431.200043 ) (-416 0 208 ) 
4 154 156 (-416 -624 208 ) (-416 -624 431.200043 ) (-464 -624 431.200043 ) (-464 -624 208 ) 
4 154 155 (-464 -624 208 ) (-464 -624 431.200043 ) (-464 0 431.200043 ) (-464 0 208 ) 
4 155 161 (-1024 -624 431.200043 ) (-1024 0 431.200043 ) (-1024 0 64 ) (-1024 -624 64 ) 
4 155 159 (-464 -624 64 ) (-1024 -624 64 ) (-1024 0 64 ) (-464 0 64 ) 
4 155 158 (-1024 -624 64 ) (-464 -624 64 ) (-464 -624 431.200043 ) (-1024 -624 431.200043 ) 
4 156 157 (-464 -664.677979 431.200043 ) (-464 -664.677979 208 ) (0 -664.677979 208 ) (0 -664.677979 431.200043 ) 
4 156 158 (-464 -624 431.200043 ) (-464 -624 208 ) (-464 -664.677979 208 ) (-464 -664.677979 431.200043 ) 
4 157 163 (0 -1024 64 ) (0 -1024 431.200043 ) (-464 -1024 431.200043 ) (-464 -1024 64 ) 
4 157 159 (0 -664.677979 64 ) (0 -1024 64 ) (-464 -1024 64 ) (-464 -664.677979 64 ) 
4 157 158 (-464 -664.677979 64 ) (-464 -1024 64 ) (-464 -1024 431.200043 ) (-464 -664.677979 431.200043 ) 
4 158 163 (-464 -1024 431.200043 ) (-1024 -1024 431.200043 ) (-1024 -1024 64 ) (-464 -1024 64 ) 
4 158 161 (-1024 -1024 64 ) (-1024 -1024 431.200043 ) (-1024 -624 431.200043 ) (-1024 -624 64 ) 
4 158 159 (-464 -1024 64 ) (-1024 -1024 64 ) (-1024 -624 64 ) (-464 -624 64 ) 
4 159 163 (0 -1024 32 ) (0 -1024 64 ) (-1024 -1024 64 ) (-1024 -1024 32 ) 
4 159 161 (-1024 -1024 32 ) (-1024 -1024 64 ) (-1024 0 64 ) (-1024 0 32 ) 
4 160 161 (-1024 0 32 ) (-1024 0 2528 ) (-2016 0 2528 ) (-2016 0 32 ) 
4 161 164 (-1024 -1024 32 ) (-1024 -1024 2528 ) (-2016 -1024 2528 ) (-2016 -1024 32 ) 
4 162 163 (0 -1024 2528 ) (0 -1024 32 ) (0 -2016 32 ) (0 -2016 2528 ) 
4 163 164 (-1024 -1024 2528 ) (-1024 -1024 32 ) (-1024 -2016 32 ) (-1024 -2016 2528 ) 
