PRT1
10
18
4 0 3 (32 0 512 ) (0 0 512 ) (0 0 64 ) (32 0 64 ) 
4 0 2 (448 0 512 ) (32 0 512 ) (32 0 64 ) (448 0 64 ) 
4 0 1 (0 0 64 ) (0 0 512 ) (0 448 512 ) (0 448 64 ) 
4 1 9 (-64 0 512 ) (-448 0 512 ) (-448 0 64 ) (-64 0 64 ) 
4 1 6 (0 0 64 ) (0 0 512 ) (-64 0 512 ) (-64 0 64 ) 
4 2 4 (32 -256 192 ) (32 -256 512 ) (32 -224 512 ) (32 -224 192 ) 
4 2 3 (32 0 64 ) (32 -224 64 ) (32 -224 512 ) (32 0 512 ) 
4 2 5 (32 -256 64 ) (32 -448 64 ) (32 -448 512 ) (32 -256 512 ) 
4 3 6 (0 0 512 ) (0 0 64 ) (0 -224 64 ) (0 -224 512 ) 
4 3 4 (32 -224 192 ) (32 -224 512 ) (0 -224 512 ) (0 -224 192 ) 
4 4 7 (0 -256 192 ) (0 -256 512 ) (0 -224 512 ) (0 -224 192 ) 
4 4 5 (32 -256 192 ) (32 -256 512 ) (0 -256 512 ) (0 -256 192 ) 
4 5 8 (0 -256 64 ) (0 -448 64 ) (0 -448 512 ) (0 -256 512 ) 
4 6 9 (-64 0 64 ) (-64 -224 64 ) (-64 -224 512 ) (-64 0 512 ) 
4 6 7 (-64 -224 512 ) (-64 -224 192 ) (0 -224 192 ) (0 -224 512 ) 
4 7 9 (-64 -256 192 ) (-64 -256 512 ) (-64 -224 512 ) (-64 -224 192 ) 
4 7 8 (-64 -256 512 ) (-64 -256 192 ) (0 -256 192 ) (0 -256 512 ) 
4 8 9 (-64 -256 64 ) (-64 -448 64 ) (-64 -448 512 ) (-64 -256 512 ) 
