


materialPath: D:\Steam\steamapps\sourcemods\msrc\materials
Loading D:\Steam\steamapps\sourcemods\msrc\maps\vmf\msrcdemo2.vmf
Could not locate 'GameData' key in d:\steam\steamapps\sourcemods\msrc\gameinfo.txt
fixing up env_cubemap materials on brush sides...
0...1...2...3...4...5...6...7...8...9...10**** leaked ****
Entity light_environment (-384.00 -352.00 480.00) leaked!
Processing areas...done (0)
Building Faces...done (0)
FixTjuncs...
PruneNodes...
WriteBSP...
done (0)
Creating default LDR cubemaps for env_cubemap using skybox materials:
   skybox/sky_day01_01*.vmt
 ! Run buildcubemaps in the engine to get the correct cube maps.
Creating default HDR cubemaps for env_cubemap using skybox materials:
   skybox/sky_day01_01*.vmt
 ! Run buildcubemaps in the engine to get the correct cube maps.
Finding displacement neighbors...
Finding lightmap sample positions...
Displacement Alpha : 0...1...2...3...4...5...6...7...8...9...10
Building Physics collision data...
done (0) (4826 bytes)
Placing detail props : 0...1...2...3...4...5...6...7...8...9...10
Compacting texture/material tables...
Reduced 18 texinfos to 12
Reduced 6 texdatas to 6 (85 bytes to 85)
Writing D:\Steam\steamapps\sourcemods\msrc\maps\vmf\msrcdemo2.bsp
0 seconds elapsed



4 threads
reading d:\steam\steamapps\sourcemods\msrc\maps\vmf\msrcdemo2.bsp
reading d:\steam\steamapps\sourcemods\msrc\maps\vmf\msrcdemo2.prt
LoadPortals: couldn't read d:\steam\steamapps\sourcemods\msrc\maps\vmf\msrcdemo2.prt



[Reading texlights from 'lights.rad']
[48 texlights parsed from 'lights.rad']

Loading d:\steam\steamapps\sourcemods\msrc\maps\vmf\msrcdemo2.bsp
No vis information, direct lighting only.
91 faces
54080 square feet [7787536.00 square inches]
0 Displacements
0 Square Feet [0.00 Square Inches]
2 direct lights
0...1...2...3...4...5...6...7...8...9...10Build Patch/Sample Hash Table(s).....Done<0.0011 sec>
0...1...2...3...4...5...6...7...8...9...10FinalLightFace Done
0 of 0 (0% of) surface lights went in leaf ambient cubes.
0...1...2...3...4...5...6...7...8...9...10Writing leaf ambient...done
Ready to Finish

Object names       Objects/Maxobjs  Memory / Maxmem  Fullness 
------------       ---------------  ---------------  -------- 
models                   2/1024           96/49152    ( 0.2%) 
brushes                 12/8192          144/98304    ( 0.1%) 
brushsides              72/65536         576/524288   ( 0.1%) 
planes                  90/65536        1800/1310720  ( 0.1%) 
vertexes               141/65536        1692/786432   ( 0.2%) 
nodes                   86/65536        2752/2097152  ( 0.1%) 
texinfos                12/12288         864/884736   ( 0.1%) 
texdata                  6/2048          192/65536    ( 0.3%) 
dispinfos                0/0               0/0        ( 0.0%) 
disp_verts               0/0               0/0        ( 0.0%) 
disp_tris                0/0               0/0        ( 0.0%) 
disp_lmsamples           0/0               0/0        ( 0.0%) 
faces                   91/65536        5096/3670016  ( 0.1%) 
hdr faces                0/65536           0/3670016  ( 0.0%) 
origfaces               41/65536        2296/3670016  ( 0.1%) 
leaves                  89/65536        2848/2097152  ( 0.1%) 
leaffaces              108/65536         216/131072   ( 0.2%) 
leafbrushes             24/65536          48/131072   ( 0.0%) 
areas                    3/256            24/2048     ( 1.2%) 
surfedges              592/512000       2368/2048000  ( 0.1%) 
edges                  339/256000       1356/1024000  ( 0.1%) 
LDR worldlights          2/8192          176/720896   ( 0.0%) 
HDR worldlights          0/8192            0/720896   ( 0.0%) 
leafwaterdata            0/32768           0/393216   ( 0.0%) 
waterstrips              6/32768          60/327680   ( 0.0%) 
waterverts               0/65536           0/786432   ( 0.0%) 
waterindices            90/65536         180/131072   ( 0.1%) 
cubemapsamples           0/1024            0/16384    ( 0.0%) 
overlays                 0/512             0/180224   ( 0.0%) 
LDR lightdata         [variable]      136884/0        ( 0.0%) 
HDR lightdata         [variable]           0/0        ( 0.0%) 
visdata               [variable]           0/16777216 ( 0.0%) 
entdata               [variable]        1466/393216   ( 0.4%) 
LDR ambient table       89/65536         356/262144   ( 0.1%) 
HDR ambient table       89/65536         356/262144   ( 0.1%) 
LDR leaf ambient       321/65536        8988/1835008  ( 0.5%) 
HDR leaf ambient        89/65536        2492/1835008  ( 0.1%) 
occluders                0/0               0/0        ( 0.0%) 
occluder polygons        0/0               0/0        ( 0.0%) 
occluder vert ind        0/0               0/0        ( 0.0%) 
detail props          [variable]           1/12       ( 8.3%) 
static props          [variable]           1/12       ( 8.3%) 
pakfile               [variable]      105667/0        ( 0.0%) 
physics               [variable]        4826/4194304  ( 0.1%) 
physics terrain       [variable]           2/1048576  ( 0.0%) 

Level flags = 0

Total triangle count: 246
Writing d:\steam\steamapps\sourcemods\msrc\maps\vmf\msrcdemo2.bsp
0 seconds elapsed



[Reading texlights from 'lights.rad']
[48 texlights parsed from 'lights.rad']

Loading d:\steam\steamapps\sourcemods\msrc\maps\vmf\msrcdemo2.bsp
No vis information, direct lighting only.
91 faces
54080 square feet [7787536.00 square inches]
0 Displacements
0 Square Feet [0.00 Square Inches]
2 direct lights
0...1...2...3...4...5...6...7...8...9...10Build Patch/Sample Hash Table(s).....Done<0.0012 sec>
0...1...2...3...4...5...6...7...8...9...10FinalLightFace Done
0 of 0 (0% of) surface lights went in leaf ambient cubes.
0...1...2...3...4...5...6...7...8...9...10Writing leaf ambient...done
Ready to Finish

Object names       Objects/Maxobjs  Memory / Maxmem  Fullness 
------------       ---------------  ---------------  -------- 
models                   2/1024           96/49152    ( 0.2%) 
brushes                 12/8192          144/98304    ( 0.1%) 
brushsides              72/65536         576/524288   ( 0.1%) 
planes                  90/65536        1800/1310720  ( 0.1%) 
vertexes               141/65536        1692/786432   ( 0.2%) 
nodes                   86/65536        2752/2097152  ( 0.1%) 
texinfos                12/12288         864/884736   ( 0.1%) 
texdata                  6/2048          192/65536    ( 0.3%) 
dispinfos                0/0               0/0        ( 0.0%) 
disp_verts               0/0               0/0        ( 0.0%) 
disp_tris                0/0               0/0        ( 0.0%) 
disp_lmsamples           0/0               0/0        ( 0.0%) 
faces                   91/65536        5096/3670016  ( 0.1%) 
hdr faces               91/65536        5096/3670016  ( 0.1%) 
origfaces               41/65536        2296/3670016  ( 0.1%) 
leaves                  89/65536        2848/2097152  ( 0.1%) 
leaffaces              108/65536         216/131072   ( 0.2%) 
leafbrushes             24/65536          48/131072   ( 0.0%) 
areas                    3/256            24/2048     ( 1.2%) 
surfedges              592/512000       2368/2048000  ( 0.1%) 
edges                  339/256000       1356/1024000  ( 0.1%) 
LDR worldlights          2/8192          176/720896   ( 0.0%) 
HDR worldlights          2/8192          176/720896   ( 0.0%) 
leafwaterdata            0/32768           0/393216   ( 0.0%) 
waterstrips              6/32768          60/327680   ( 0.0%) 
waterverts               0/65536           0/786432   ( 0.0%) 
waterindices            90/65536         180/131072   ( 0.1%) 
cubemapsamples           0/1024            0/16384    ( 0.0%) 
overlays                 0/512             0/180224   ( 0.0%) 
LDR lightdata         [variable]      136884/0        ( 0.0%) 
HDR lightdata         [variable]      136884/0        ( 0.0%) 
visdata               [variable]           0/16777216 ( 0.0%) 
entdata               [variable]        1466/393216   ( 0.4%) 
LDR ambient table       89/65536         356/262144   ( 0.1%) 
HDR ambient table       89/65536         356/262144   ( 0.1%) 
LDR leaf ambient       321/65536        8988/1835008  ( 0.5%) 
HDR leaf ambient       321/65536        8988/1835008  ( 0.5%) 
occluders                0/0               0/0        ( 0.0%) 
occluder polygons        0/0               0/0        ( 0.0%) 
occluder vert ind        0/0               0/0        ( 0.0%) 
detail props          [variable]           1/12       ( 8.3%) 
static props          [variable]           1/12       ( 8.3%) 
pakfile               [variable]      105667/0        ( 0.0%) 
physics               [variable]        4826/4194304  ( 0.1%) 
physics terrain       [variable]           2/1048576  ( 0.0%) 

Level flags = 0

Total triangle count: 246
Writing d:\steam\steamapps\sourcemods\msrc\maps\vmf\msrcdemo2.bsp
0 seconds elapsed



materialPath: D:\Steam\steamapps\sourcemods\msrc\materials
Loading D:\Steam\steamapps\sourcemods\msrc\maps\vmf\msrcdemo2.vmf
Could not locate 'GameData' key in d:\steam\steamapps\sourcemods\msrc\gameinfo.txt
fixing up env_cubemap materials on brush sides...
0...1...2...3...4...5...6...7...8...9...100...1...2...3...4...5...6...7...8...9...10Processing areas...done (0)
Building Faces...done (0)
FixTjuncs...
PruneNodes...
WriteBSP...
done (0)
writing D:\Steam\steamapps\sourcemods\msrc\maps\vmf\msrcdemo2.prt...Building visibility clusters...
done (0)
Creating default LDR cubemaps for env_cubemap using skybox materials:
   skybox/sky_day01_01*.vmt
 ! Run buildcubemaps in the engine to get the correct cube maps.
Creating default HDR cubemaps for env_cubemap using skybox materials:
   skybox/sky_day01_01*.vmt
 ! Run buildcubemaps in the engine to get the correct cube maps.
Finding displacement neighbors...
Finding lightmap sample positions...
Displacement Alpha : 0...1...2...3...4...5...6...7...8...9...10
Building Physics collision data...
done (0) (4826 bytes)
Placing detail props : 0...1...2...3...4...5...6...7...8...9...10
Compacting texture/material tables...
Reduced 18 texinfos to 10
Reduced 6 texdatas to 6 (85 bytes to 85)
Writing D:\Steam\steamapps\sourcemods\msrc\maps\vmf\msrcdemo2.bsp
0 seconds elapsed



4 threads
reading d:\steam\steamapps\sourcemods\msrc\maps\vmf\msrcdemo2.bsp
reading d:\steam\steamapps\sourcemods\msrc\maps\vmf\msrcdemo2.prt
  16 portalclusters
  35 numportals
0...1...2...3...4...5...6...7...8...9...100...1...2...3...4...5...6...7...8...9...10Optimized: 0 visible clusters (0.00%)
Total clusters visible: 244
Average clusters visible: 15
Building PAS...
Average clusters audible: 16
visdatasize:196  compressed from 256
writing d:\steam\steamapps\sourcemods\msrc\maps\vmf\msrcdemo2.bsp
0 seconds elapsed



[Reading texlights from 'lights.rad']
[48 texlights parsed from 'lights.rad']

Loading d:\steam\steamapps\sourcemods\msrc\maps\vmf\msrcdemo2.bsp
50 faces
23964 square feet [3450896.00 square inches]
0 Displacements
0 Square Feet [0.00 Square Inches]
50 patches before subdivision
2534 patches after subdivision
2 direct lights
0...1...2...3...4...5...6...7...8...9...100...1...2...3...4...5...6...7...8...9...10transfers 236772, max 253
transfer lists:   1.8 megs
0...1...2...3...4...5...6...7...8...9...10	Bounce #1 added RGB(2074, 2073, 2085)
0...1...2...3...4...5...6...7...8...9...10	Bounce #2 added RGB(251, 251, 254)
0...1...2...3...4...5...6...7...8...9...10	Bounce #3 added RGB(30, 30, 31)
0...1...2...3...4...5...6...7...8...9...10	Bounce #4 added RGB(4, 4, 4)
0...1...2...3...4...5...6...7...8...9...10	Bounce #5 added RGB(0, 0, 0)
Build Patch/Sample Hash Table(s).....Done<0.0007 sec>
0...1...2...3...4...5...6...7...8...9...10FinalLightFace Done
0 of 0 (0% of) surface lights went in leaf ambient cubes.
0...1...2...3...4...5...6...7...8...9...10Writing leaf ambient...done
Ready to Finish

Object names       Objects/Maxobjs  Memory / Maxmem  Fullness 
------------       ---------------  ---------------  -------- 
models                   2/1024           96/49152    ( 0.2%) 
brushes                 12/8192          144/98304    ( 0.1%) 
brushsides              72/65536         576/524288   ( 0.1%) 
planes                  90/65536        1800/1310720  ( 0.1%) 
vertexes                97/65536        1164/786432   ( 0.1%) 
nodes                   50/65536        1600/2097152  ( 0.1%) 
texinfos                10/12288         720/884736   ( 0.1%) 
texdata                  6/2048          192/65536    ( 0.3%) 
dispinfos                0/0               0/0        ( 0.0%) 
disp_verts               0/0               0/0        ( 0.0%) 
disp_tris                0/0               0/0        ( 0.0%) 
disp_lmsamples           0/0               0/0        ( 0.0%) 
faces                   50/65536        2800/3670016  ( 0.1%) 
hdr faces                0/65536           0/3670016  ( 0.0%) 
origfaces               23/65536        1288/3670016  ( 0.0%) 
leaves                  53/65536        1696/2097152  ( 0.1%) 
leaffaces               65/65536         130/131072   ( 0.1%) 
leafbrushes             24/65536          48/131072   ( 0.0%) 
areas                    2/256            16/2048     ( 0.8%) 
surfedges              330/512000       1320/2048000  ( 0.1%) 
edges                  204/256000        816/1024000  ( 0.1%) 
LDR worldlights          2/8192          176/720896   ( 0.0%) 
HDR worldlights          0/8192            0/720896   ( 0.0%) 
leafwaterdata            0/32768           0/393216   ( 0.0%) 
waterstrips              4/32768          40/327680   ( 0.0%) 
waterverts               0/65536           0/786432   ( 0.0%) 
waterindices            54/65536         108/131072   ( 0.1%) 
cubemapsamples           0/1024            0/16384    ( 0.0%) 
overlays                 0/512             0/180224   ( 0.0%) 
LDR lightdata         [variable]       60988/0        ( 0.0%) 
HDR lightdata         [variable]           0/0        ( 0.0%) 
visdata               [variable]         196/16777216 ( 0.0%) 
entdata               [variable]        1543/393216   ( 0.4%) 
LDR ambient table       53/65536         212/262144   ( 0.1%) 
HDR ambient table       53/65536         212/262144   ( 0.1%) 
LDR leaf ambient       172/65536        4816/1835008  ( 0.3%) 
HDR leaf ambient        53/65536        1484/1835008  ( 0.1%) 
occluders                0/0               0/0        ( 0.0%) 
occluder polygons        0/0               0/0        ( 0.0%) 
occluder vert ind        0/0               0/0        ( 0.0%) 
detail props          [variable]           1/12       ( 8.3%) 
static props          [variable]           1/12       ( 8.3%) 
pakfile               [variable]      105667/0        ( 0.0%) 
physics               [variable]        4826/4194304  ( 0.1%) 
physics terrain       [variable]           2/1048576  ( 0.0%) 

Level flags = 0

Total triangle count: 138
Writing d:\steam\steamapps\sourcemods\msrc\maps\vmf\msrcdemo2.bsp
0 seconds elapsed



[Reading texlights from 'lights.rad']
[48 texlights parsed from 'lights.rad']

Loading d:\steam\steamapps\sourcemods\msrc\maps\vmf\msrcdemo2.bsp
50 faces
23964 square feet [3450896.00 square inches]
0 Displacements
0 Square Feet [0.00 Square Inches]
50 patches before subdivision
2534 patches after subdivision
2 direct lights
0...1...2...3...4...5...6...7...8...9...100...1...2...3...4...5...6...7...8...9...10transfers 236772, max 253
transfer lists:   1.8 megs
0...1...2...3...4...5...6...7...8...9...10	Bounce #1 added RGB(2074, 2073, 2085)
0...1...2...3...4...5...6...7...8...9...10	Bounce #2 added RGB(251, 251, 254)
0...1...2...3...4...5...6...7...8...9...10	Bounce #3 added RGB(30, 30, 31)
0...1...2...3...4...5...6...7...8...9...10	Bounce #4 added RGB(4, 4, 4)
0...1...2...3...4...5...6...7...8...9...10	Bounce #5 added RGB(0, 0, 0)
Build Patch/Sample Hash Table(s).....Done<0.0007 sec>
0...1...2...3...4...5...6...7...8...9...10FinalLightFace Done
0 of 0 (0% of) surface lights went in leaf ambient cubes.
0...1...2...3...4...5...6...7...8...9...10Writing leaf ambient...done
Ready to Finish

Object names       Objects/Maxobjs  Memory / Maxmem  Fullness 
------------       ---------------  ---------------  -------- 
models                   2/1024           96/49152    ( 0.2%) 
brushes                 12/8192          144/98304    ( 0.1%) 
brushsides              72/65536         576/524288   ( 0.1%) 
planes                  90/65536        1800/1310720  ( 0.1%) 
vertexes                97/65536        1164/786432   ( 0.1%) 
nodes                   50/65536        1600/2097152  ( 0.1%) 
texinfos                10/12288         720/884736   ( 0.1%) 
texdata                  6/2048          192/65536    ( 0.3%) 
dispinfos                0/0               0/0        ( 0.0%) 
disp_verts               0/0               0/0        ( 0.0%) 
disp_tris                0/0               0/0        ( 0.0%) 
disp_lmsamples           0/0               0/0        ( 0.0%) 
faces                   50/65536        2800/3670016  ( 0.1%) 
hdr faces               50/65536        2800/3670016  ( 0.1%) 
origfaces               23/65536        1288/3670016  ( 0.0%) 
leaves                  53/65536        1696/2097152  ( 0.1%) 
leaffaces               65/65536         130/131072   ( 0.1%) 
leafbrushes             24/65536          48/131072   ( 0.0%) 
areas                    2/256            16/2048     ( 0.8%) 
surfedges              330/512000       1320/2048000  ( 0.1%) 
edges                  204/256000        816/1024000  ( 0.1%) 
LDR worldlights          2/8192          176/720896   ( 0.0%) 
HDR worldlights          2/8192          176/720896   ( 0.0%) 
leafwaterdata            0/32768           0/393216   ( 0.0%) 
waterstrips              4/32768          40/327680   ( 0.0%) 
waterverts               0/65536           0/786432   ( 0.0%) 
waterindices            54/65536         108/131072   ( 0.1%) 
cubemapsamples           0/1024            0/16384    ( 0.0%) 
overlays                 0/512             0/180224   ( 0.0%) 
LDR lightdata         [variable]       60988/0        ( 0.0%) 
HDR lightdata         [variable]       60988/0        ( 0.0%) 
visdata               [variable]         196/16777216 ( 0.0%) 
entdata               [variable]        1543/393216   ( 0.4%) 
LDR ambient table       53/65536         212/262144   ( 0.1%) 
HDR ambient table       53/65536         212/262144   ( 0.1%) 
LDR leaf ambient       172/65536        4816/1835008  ( 0.3%) 
HDR leaf ambient       172/65536        4816/1835008  ( 0.3%) 
occluders                0/0               0/0        ( 0.0%) 
occluder polygons        0/0               0/0        ( 0.0%) 
occluder vert ind        0/0               0/0        ( 0.0%) 
detail props          [variable]           1/12       ( 8.3%) 
static props          [variable]           1/12       ( 8.3%) 
pakfile               [variable]      105667/0        ( 0.0%) 
physics               [variable]        4826/4194304  ( 0.1%) 
physics terrain       [variable]           2/1048576  ( 0.0%) 

Level flags = 0

Total triangle count: 138
Writing d:\steam\steamapps\sourcemods\msrc\maps\vmf\msrcdemo2.bsp
0 seconds elapsed



materialPath: D:\Steam\steamapps\sourcemods\msrc\materials
Loading D:\Steam\steamapps\sourcemods\msrc\maps\vmf\msrcdemo2.vmf
Could not locate 'GameData' key in d:\steam\steamapps\sourcemods\msrc\gameinfo.txt
fixing up env_cubemap materials on brush sides...
0...1...2...3...4...5...6...7...8...9...100...1...2...3...4...5...6...7...8...9...10Processing areas...done (0)
Building Faces...done (0)
FixTjuncs...
PruneNodes...
WriteBSP...
done (0)
writing D:\Steam\steamapps\sourcemods\msrc\maps\vmf\msrcdemo2.prt...Building visibility clusters...
done (0)
Creating default LDR cubemaps for env_cubemap using skybox materials:
   skybox/sky_day01_01*.vmt
 ! Run buildcubemaps in the engine to get the correct cube maps.
Creating default HDR cubemaps for env_cubemap using skybox materials:
   skybox/sky_day01_01*.vmt
 ! Run buildcubemaps in the engine to get the correct cube maps.
Finding displacement neighbors...
Finding lightmap sample positions...
Displacement Alpha : 0...1...2...3...4...5...6...7...8...9...10
Building Physics collision data...
done (0) (4826 bytes)
Placing detail props : 0...1...2...3...4...5...6...7...8...9...10
Compacting texture/material tables...
Reduced 18 texinfos to 10
Reduced 6 texdatas to 6 (85 bytes to 85)
Writing D:\Steam\steamapps\sourcemods\msrc\maps\vmf\msrcdemo2.bsp
0 seconds elapsed



4 threads
reading d:\steam\steamapps\sourcemods\msrc\maps\vmf\msrcdemo2.bsp
reading d:\steam\steamapps\sourcemods\msrc\maps\vmf\msrcdemo2.prt
  16 portalclusters
  35 numportals
0...1...2...3...4...5...6...7...8...9...100...1...2...3...4...5...6...7...8...9...10Optimized: 0 visible clusters (0.00%)
Total clusters visible: 244
Average clusters visible: 15
Building PAS...
Average clusters audible: 16
visdatasize:196  compressed from 256
writing d:\steam\steamapps\sourcemods\msrc\maps\vmf\msrcdemo2.bsp
0 seconds elapsed



[Reading texlights from 'lights.rad']
[48 texlights parsed from 'lights.rad']

Loading d:\steam\steamapps\sourcemods\msrc\maps\vmf\msrcdemo2.bsp
50 faces
23964 square feet [3450896.00 square inches]
0 Displacements
0 Square Feet [0.00 Square Inches]
50 patches before subdivision
2534 patches after subdivision
2 direct lights
0...1...2...3...4...5...6...7...8...9...100...1...2...3...4...5...6...7...8...9...10transfers 236772, max 253
transfer lists:   1.8 megs
0...1...2...3...4...5...6...7...8...9...10	Bounce #1 added RGB(2162, 2162, 2174)
0...1...2...3...4...5...6...7...8...9...10	Bounce #2 added RGB(261, 261, 265)
0...1...2...3...4...5...6...7...8...9...10	Bounce #3 added RGB(31, 31, 32)
0...1...2...3...4...5...6...7...8...9...10	Bounce #4 added RGB(4, 4, 4)
0...1...2...3...4...5...6...7...8...9...10	Bounce #5 added RGB(0, 0, 0)
Build Patch/Sample Hash Table(s).....Done<0.0007 sec>
0...1...2...3...4...5...6...7...8...9...10FinalLightFace Done
0 of 0 (0% of) surface lights went in leaf ambient cubes.
0...1...2...3...4...5...6...7...8...9...10Writing leaf ambient...done
Ready to Finish

Object names       Objects/Maxobjs  Memory / Maxmem  Fullness 
------------       ---------------  ---------------  -------- 
models                   2/1024           96/49152    ( 0.2%) 
brushes                 12/8192          144/98304    ( 0.1%) 
brushsides              72/65536         576/524288   ( 0.1%) 
planes                  90/65536        1800/1310720  ( 0.1%) 
vertexes                97/65536        1164/786432   ( 0.1%) 
nodes                   50/65536        1600/2097152  ( 0.1%) 
texinfos                10/12288         720/884736   ( 0.1%) 
texdata                  6/2048          192/65536    ( 0.3%) 
dispinfos                0/0               0/0        ( 0.0%) 
disp_verts               0/0               0/0        ( 0.0%) 
disp_tris                0/0               0/0        ( 0.0%) 
disp_lmsamples           0/0               0/0        ( 0.0%) 
faces                   50/65536        2800/3670016  ( 0.1%) 
hdr faces                0/65536           0/3670016  ( 0.0%) 
origfaces               23/65536        1288/3670016  ( 0.0%) 
leaves                  53/65536        1696/2097152  ( 0.1%) 
leaffaces               65/65536         130/131072   ( 0.1%) 
leafbrushes             24/65536          48/131072   ( 0.0%) 
areas                    2/256            16/2048     ( 0.8%) 
surfedges              330/512000       1320/2048000  ( 0.1%) 
edges                  204/256000        816/1024000  ( 0.1%) 
LDR worldlights          2/8192          176/720896   ( 0.0%) 
HDR worldlights          0/8192            0/720896   ( 0.0%) 
leafwaterdata            0/32768           0/393216   ( 0.0%) 
waterstrips              4/32768          40/327680   ( 0.0%) 
waterverts               0/65536           0/786432   ( 0.0%) 
waterindices            54/65536         108/131072   ( 0.1%) 
cubemapsamples           0/1024            0/16384    ( 0.0%) 
overlays                 0/512             0/180224   ( 0.0%) 
LDR lightdata         [variable]       60988/0        ( 0.0%) 
HDR lightdata         [variable]           0/0        ( 0.0%) 
visdata               [variable]         196/16777216 ( 0.0%) 
entdata               [variable]        1539/393216   ( 0.4%) 
LDR ambient table       53/65536         212/262144   ( 0.1%) 
HDR ambient table       53/65536         212/262144   ( 0.1%) 
LDR leaf ambient       168/65536        4704/1835008  ( 0.3%) 
HDR leaf ambient        53/65536        1484/1835008  ( 0.1%) 
occluders                0/0               0/0        ( 0.0%) 
occluder polygons        0/0               0/0        ( 0.0%) 
occluder vert ind        0/0               0/0        ( 0.0%) 
detail props          [variable]           1/12       ( 8.3%) 
static props          [variable]           1/12       ( 8.3%) 
pakfile               [variable]      105667/0        ( 0.0%) 
physics               [variable]        4826/4194304  ( 0.1%) 
physics terrain       [variable]           2/1048576  ( 0.0%) 

Level flags = 0

Total triangle count: 138
Writing d:\steam\steamapps\sourcemods\msrc\maps\vmf\msrcdemo2.bsp
0 seconds elapsed



[Reading texlights from 'lights.rad']
[48 texlights parsed from 'lights.rad']

Loading d:\steam\steamapps\sourcemods\msrc\maps\vmf\msrcdemo2.bsp
50 faces
23964 square feet [3450896.00 square inches]
0 Displacements
0 Square Feet [0.00 Square Inches]
50 patches before subdivision
2534 patches after subdivision
2 direct lights
0...1...2...3...4...5...6...7...8...9...100...1...2...3...4...5...6...7...8...9...10transfers 236772, max 253
transfer lists:   1.8 megs
0...1...2...3...4...5...6...7...8...9...10	Bounce #1 added RGB(2162, 2162, 2174)
0...1...2...3...4...5...6...7...8...9...10	Bounce #2 added RGB(261, 261, 265)
0...1...2...3...4...5...6...7...8...9...10	Bounce #3 added RGB(31, 31, 32)
0...1...2...3...4...5...6...7...8...9...10	Bounce #4 added RGB(4, 4, 4)
0...1...2...3...4...5...6...7...8...9...10	Bounce #5 added RGB(0, 0, 0)
Build Patch/Sample Hash Table(s).....Done<0.0008 sec>
0...1...2...3...4...5...6...7...8...9...10FinalLightFace Done
0 of 0 (0% of) surface lights went in leaf ambient cubes.
0...1...2...3...4...5...6...7...8...9...10Writing leaf ambient...done
Ready to Finish

Object names       Objects/Maxobjs  Memory / Maxmem  Fullness 
------------       ---------------  ---------------  -------- 
models                   2/1024           96/49152    ( 0.2%) 
brushes                 12/8192          144/98304    ( 0.1%) 
brushsides              72/65536         576/524288   ( 0.1%) 
planes                  90/65536        1800/1310720  ( 0.1%) 
vertexes                97/65536        1164/786432   ( 0.1%) 
nodes                   50/65536        1600/2097152  ( 0.1%) 
texinfos                10/12288         720/884736   ( 0.1%) 
texdata                  6/2048          192/65536    ( 0.3%) 
dispinfos                0/0               0/0        ( 0.0%) 
disp_verts               0/0               0/0        ( 0.0%) 
disp_tris                0/0               0/0        ( 0.0%) 
disp_lmsamples           0/0               0/0        ( 0.0%) 
faces                   50/65536        2800/3670016  ( 0.1%) 
hdr faces               50/65536        2800/3670016  ( 0.1%) 
origfaces               23/65536        1288/3670016  ( 0.0%) 
leaves                  53/65536        1696/2097152  ( 0.1%) 
leaffaces               65/65536         130/131072   ( 0.1%) 
leafbrushes             24/65536          48/131072   ( 0.0%) 
areas                    2/256            16/2048     ( 0.8%) 
surfedges              330/512000       1320/2048000  ( 0.1%) 
edges                  204/256000        816/1024000  ( 0.1%) 
LDR worldlights          2/8192          176/720896   ( 0.0%) 
HDR worldlights          2/8192          176/720896   ( 0.0%) 
leafwaterdata            0/32768           0/393216   ( 0.0%) 
waterstrips              4/32768          40/327680   ( 0.0%) 
waterverts               0/65536           0/786432   ( 0.0%) 
waterindices            54/65536         108/131072   ( 0.1%) 
cubemapsamples           0/1024            0/16384    ( 0.0%) 
overlays                 0/512             0/180224   ( 0.0%) 
LDR lightdata         [variable]       60988/0        ( 0.0%) 
HDR lightdata         [variable]       60988/0        ( 0.0%) 
visdata               [variable]         196/16777216 ( 0.0%) 
entdata               [variable]        1539/393216   ( 0.4%) 
LDR ambient table       53/65536         212/262144   ( 0.1%) 
HDR ambient table       53/65536         212/262144   ( 0.1%) 
LDR leaf ambient       168/65536        4704/1835008  ( 0.3%) 
HDR leaf ambient       168/65536        4704/1835008  ( 0.3%) 
occluders                0/0               0/0        ( 0.0%) 
occluder polygons        0/0               0/0        ( 0.0%) 
occluder vert ind        0/0               0/0        ( 0.0%) 
detail props          [variable]           1/12       ( 8.3%) 
static props          [variable]           1/12       ( 8.3%) 
pakfile               [variable]      105667/0        ( 0.0%) 
physics               [variable]        4826/4194304  ( 0.1%) 
physics terrain       [variable]           2/1048576  ( 0.0%) 

Level flags = 0

Total triangle count: 138
Writing d:\steam\steamapps\sourcemods\msrc\maps\vmf\msrcdemo2.bsp
0 seconds elapsed
