


materialPath: D:\Steam\steamapps\common\Half-Life 2\hl2\materials
Loading D:\Steam\steamapps\sourcemods\msrc\maps\vmf\msrcdemo.vmf
material "concrete/blendbunk_conc01" not found.
Material not found!: CONCRETE/BLENDBUNK_CONC01
ConVarRef mat_reduceparticles doesn't point to an existing ConVar
material "/skinkroot" not found.
Material not found!: /SKINKROOT
Could not locate 'GameData' key in d:\steam\steamapps\common\half-life 2\hl2\gameinfo.txt
fixing up env_cubemap materials on brush sides...
0...1...2...3...4...5...6...7...8...9...100...1...2...3...4...5...6...7...8...9...10Processing areas...done (0)
Building Faces...done (0)
FixTjuncs...
PruneNodes...
WriteBSP...
done (0)
writing D:\Steam\steamapps\sourcemods\msrc\maps\vmf\msrcdemo.prt...Building visibility clusters...
done (0)
Creating default LDR cubemaps for env_cubemap using skybox materials:
   skybox/sky_day01_01*.vmt
 ! Run buildcubemaps in the engine to get the correct cube maps.
Creating default HDR cubemaps for env_cubemap using skybox materials:
   skybox/sky_day01_01*.vmt
 ! Run buildcubemaps in the engine to get the correct cube maps.
Finding displacement neighbors...
Finding lightmap sample positions...
Displacement Alpha : 0...1...2...3...4...5...6...7...8...9...10
Building Physics collision data...
done (0) (3829 bytes)
Placing detail props : 0...1...2...3...4...5...6...7...8...9...10
Compacting texture/material tables...
Reduced 22 texinfos to 16
Reduced 10 texdatas to 9 (267 bytes to 241)
Writing D:\Steam\steamapps\sourcemods\msrc\maps\vmf\msrcdemo.bsp
0 seconds elapsed



4 threads
reading d:\steam\steamapps\sourcemods\msrc\maps\vmf\msrcdemo.bsp
reading d:\steam\steamapps\sourcemods\msrc\maps\vmf\msrcdemo.prt
  10 portalclusters
  18 numportals
0...1...2...3...4...5...6...7...8...9...100...1...2...3...4...5...6...7...8...9...10Optimized: 0 visible clusters (0.00%)
Total clusters visible: 100
Average clusters visible: 10
Building PAS...
Average clusters audible: 10
visdatasize:124  compressed from 160
writing d:\steam\steamapps\sourcemods\msrc\maps\vmf\msrcdemo.bsp
0 seconds elapsed



[Reading texlights from 'lights.rad']
[45 texlights parsed from 'lights.rad']

Loading d:\steam\steamapps\sourcemods\msrc\maps\vmf\msrcdemo.bsp
40 faces
23121 square feet [3329472.00 square inches]
0 Displacements
0 Square Feet [0.00 Square Inches]
40 patches before subdivision
1082 patches after subdivision
0 direct lights
0...1...2...3...4...5...6...7...8...9...100...1...2...3...4...5...6...7...8...9...10transfers 44640, max 156
transfer lists:   0.3 megs
0...1...2...3...4...5...6...7...8...9...10	Bounce #1 added RGB(0, 0, 0)
Build Patch/Sample Hash Table(s).....Done<0.0004 sec>
0...1...2...3...4...5...6...7...8...9...10FinalLightFace Done
0 of 0 (0% of) surface lights went in leaf ambient cubes.
0...1...2...3...4...5...6...7...8...9...10Writing leaf ambient...done
Ready to Finish

Object names       Objects/Maxobjs  Memory / Maxmem  Fullness 
------------       ---------------  ---------------  -------- 
models                   3/1024          144/49152    ( 0.3%) 
brushes                  9/8192          108/98304    ( 0.1%) 
brushsides              54/65536         432/524288   ( 0.1%) 
planes                  86/65536        1720/1310720  ( 0.1%) 
vertexes                67/65536         804/786432   ( 0.1%) 
nodes                   47/65536        1504/2097152  ( 0.1%) 
texinfos                16/12288        1152/884736   ( 0.1%) 
texdata                  9/2048          288/65536    ( 0.4%) 
dispinfos                0/0               0/0        ( 0.0%) 
disp_verts               0/0               0/0        ( 0.0%) 
disp_tris                0/0               0/0        ( 0.0%) 
disp_lmsamples           0/0               0/0        ( 0.0%) 
faces                   40/65536        2240/3670016  ( 0.1%) 
hdr faces                0/65536           0/3670016  ( 0.0%) 
origfaces               23/65536        1288/3670016  ( 0.0%) 
leaves                  51/65536        1632/2097152  ( 0.1%) 
leaffaces               48/65536          96/131072   ( 0.1%) 
leafbrushes             20/65536          40/131072   ( 0.0%) 
areas                    2/256            16/2048     ( 0.8%) 
surfedges              260/512000       1040/2048000  ( 0.1%) 
edges                  145/256000        580/1024000  ( 0.1%) 
LDR worldlights          0/8192            0/720896   ( 0.0%) 
HDR worldlights          0/8192            0/720896   ( 0.0%) 
leafwaterdata            0/32768           0/393216   ( 0.0%) 
waterstrips              0/32768           0/327680   ( 0.0%) 
waterverts               0/65536           0/786432   ( 0.0%) 
waterindices             0/65536           0/131072   ( 0.0%) 
cubemapsamples           0/1024            0/16384    ( 0.0%) 
overlays                 0/512             0/180224   ( 0.0%) 
LDR lightdata         [variable]       27600/0        ( 0.0%) 
HDR lightdata         [variable]           0/0        ( 0.0%) 
visdata               [variable]         124/16777216 ( 0.0%) 
entdata               [variable]        3879/393216   ( 1.0%) 
LDR ambient table       51/65536         204/262144   ( 0.1%) 
HDR ambient table       51/65536         204/262144   ( 0.1%) 
LDR leaf ambient        22/65536         616/1835008  ( 0.0%) 
HDR leaf ambient        51/65536        1428/1835008  ( 0.1%) 
occluders                0/0               0/0        ( 0.0%) 
occluder polygons        0/0               0/0        ( 0.0%) 
occluder vert ind        0/0               0/0        ( 0.0%) 
detail props          [variable]           1/12       ( 8.3%) 
static props          [variable]           1/12       ( 8.3%) 
pakfile               [variable]      105663/0        ( 0.0%) 
physics               [variable]        3829/4194304  ( 0.1%) 
physics terrain       [variable]           2/1048576  ( 0.0%) 

Level flags = 0

Total triangle count: 88
Writing d:\steam\steamapps\sourcemods\msrc\maps\vmf\msrcdemo.bsp
0 seconds elapsed



[Reading texlights from 'lights.rad']
[45 texlights parsed from 'lights.rad']

Loading d:\steam\steamapps\sourcemods\msrc\maps\vmf\msrcdemo.bsp
40 faces
23121 square feet [3329472.00 square inches]
0 Displacements
0 Square Feet [0.00 Square Inches]
40 patches before subdivision
1082 patches after subdivision
0 direct lights
0...1...2...3...4...5...6...7...8...9...100...1...2...3...4...5...6...7...8...9...10transfers 44640, max 156
transfer lists:   0.3 megs
0...1...2...3...4...5...6...7...8...9...10	Bounce #1 added RGB(0, 0, 0)
Build Patch/Sample Hash Table(s).....Done<0.0004 sec>
0...1...2...3...4...5...6...7...8...9...10FinalLightFace Done
0 of 0 (0% of) surface lights went in leaf ambient cubes.
0...1...2...3...4...5...6...7...8...9...10Writing leaf ambient...done
Ready to Finish

Object names       Objects/Maxobjs  Memory / Maxmem  Fullness 
------------       ---------------  ---------------  -------- 
models                   3/1024          144/49152    ( 0.3%) 
brushes                  9/8192          108/98304    ( 0.1%) 
brushsides              54/65536         432/524288   ( 0.1%) 
planes                  86/65536        1720/1310720  ( 0.1%) 
vertexes                67/65536         804/786432   ( 0.1%) 
nodes                   47/65536        1504/2097152  ( 0.1%) 
texinfos                16/12288        1152/884736   ( 0.1%) 
texdata                  9/2048          288/65536    ( 0.4%) 
dispinfos                0/0               0/0        ( 0.0%) 
disp_verts               0/0               0/0        ( 0.0%) 
disp_tris                0/0               0/0        ( 0.0%) 
disp_lmsamples           0/0               0/0        ( 0.0%) 
faces                   40/65536        2240/3670016  ( 0.1%) 
hdr faces               40/65536        2240/3670016  ( 0.1%) 
origfaces               23/65536        1288/3670016  ( 0.0%) 
leaves                  51/65536        1632/2097152  ( 0.1%) 
leaffaces               48/65536          96/131072   ( 0.1%) 
leafbrushes             20/65536          40/131072   ( 0.0%) 
areas                    2/256            16/2048     ( 0.8%) 
surfedges              260/512000       1040/2048000  ( 0.1%) 
edges                  145/256000        580/1024000  ( 0.1%) 
LDR worldlights          0/8192            0/720896   ( 0.0%) 
HDR worldlights          0/8192            0/720896   ( 0.0%) 
leafwaterdata            0/32768           0/393216   ( 0.0%) 
waterstrips              0/32768           0/327680   ( 0.0%) 
waterverts               0/65536           0/786432   ( 0.0%) 
waterindices             0/65536           0/131072   ( 0.0%) 
cubemapsamples           0/1024            0/16384    ( 0.0%) 
overlays                 0/512             0/180224   ( 0.0%) 
LDR lightdata         [variable]       27600/0        ( 0.0%) 
HDR lightdata         [variable]       27600/0        ( 0.0%) 
visdata               [variable]         124/16777216 ( 0.0%) 
entdata               [variable]        3879/393216   ( 1.0%) 
LDR ambient table       51/65536         204/262144   ( 0.1%) 
HDR ambient table       51/65536         204/262144   ( 0.1%) 
LDR leaf ambient        22/65536         616/1835008  ( 0.0%) 
HDR leaf ambient        22/65536         616/1835008  ( 0.0%) 
occluders                0/0               0/0        ( 0.0%) 
occluder polygons        0/0               0/0        ( 0.0%) 
occluder vert ind        0/0               0/0        ( 0.0%) 
detail props          [variable]           1/12       ( 8.3%) 
static props          [variable]           1/12       ( 8.3%) 
pakfile               [variable]      105663/0        ( 0.0%) 
physics               [variable]        3829/4194304  ( 0.1%) 
physics terrain       [variable]           2/1048576  ( 0.0%) 

Level flags = 0

Total triangle count: 88
Writing d:\steam\steamapps\sourcemods\msrc\maps\vmf\msrcdemo.bsp
0 seconds elapsed



materialPath: D:\Steam\steamapps\sourcemods\msrc\materials
Loading D:\Steam\steamapps\sourcemods\msrc\maps\vmf\msrcdemo.vmf
Could not locate 'GameData' key in d:\steam\steamapps\sourcemods\msrc\gameinfo.txt
Patching WVT material: maps/msrcdemo/concrete/blendbunk_conc01_wvt_patch
fixing up env_cubemap materials on brush sides...
0...1...2...3...4...5...6...7...8...9...100...1...2...3...4...5...6...7...8...9...10Processing areas...done (0)
Building Faces...done (0)
FixTjuncs...
PruneNodes...
WriteBSP...
done (0)
writing D:\Steam\steamapps\sourcemods\msrc\maps\vmf\msrcdemo.prt...Building visibility clusters...
done (0)
Creating default LDR cubemaps for env_cubemap using skybox materials:
   skybox/sky_day01_01*.vmt
 ! Run buildcubemaps in the engine to get the correct cube maps.
Creating default HDR cubemaps for env_cubemap using skybox materials:
   skybox/sky_day01_01*.vmt
 ! Run buildcubemaps in the engine to get the correct cube maps.
Finding displacement neighbors...
Finding lightmap sample positions...
Displacement Alpha : 0...1...2...3...4...5...6...7...8...9...10
Building Physics collision data...
done (0) (3840 bytes)
Placing detail props : 0...1...2...3...4...5...6...7...8...9...10
Compacting texture/material tables...
Reduced 23 texinfos to 16
Reduced 11 texdatas to 9 (317 bytes to 265)
Writing D:\Steam\steamapps\sourcemods\msrc\maps\vmf\msrcdemo.bsp
0 seconds elapsed



4 threads
reading d:\steam\steamapps\sourcemods\msrc\maps\vmf\msrcdemo.bsp
reading d:\steam\steamapps\sourcemods\msrc\maps\vmf\msrcdemo.prt
  10 portalclusters
  18 numportals
0...1...2...3...4...5...6...7...8...9...100...1...2...3...4...5...6...7...8...9...10Optimized: 0 visible clusters (0.00%)
Total clusters visible: 100
Average clusters visible: 10
Building PAS...
Average clusters audible: 10
visdatasize:124  compressed from 160
writing d:\steam\steamapps\sourcemods\msrc\maps\vmf\msrcdemo.bsp
0 seconds elapsed



[Reading texlights from 'lights.rad']
[48 texlights parsed from 'lights.rad']

Loading d:\steam\steamapps\sourcemods\msrc\maps\vmf\msrcdemo.bsp
40 faces
23121 square feet [3329472.00 square inches]
0 Displacements
0 Square Feet [0.00 Square Inches]
40 patches before subdivision
1646 patches after subdivision
0 direct lights
0...1...2...3...4...5...6...7...8...9...100...1...2...3...4...5...6...7...8...9...10transfers 118275, max 199
transfer lists:   0.9 megs
0...1...2...3...4...5...6...7...8...9...10	Bounce #1 added RGB(0, 0, 0)
Build Patch/Sample Hash Table(s).....Done<0.0007 sec>
0...1...2...3...4...5...6...7...8...9...10FinalLightFace Done
0 of 0 (0% of) surface lights went in leaf ambient cubes.
0...1...2...3...4...5...6...7...8...9...10Writing leaf ambient...done
Ready to Finish

Object names       Objects/Maxobjs  Memory / Maxmem  Fullness 
------------       ---------------  ---------------  -------- 
models                   3/1024          144/49152    ( 0.3%) 
brushes                  9/8192          108/98304    ( 0.1%) 
brushsides              54/65536         432/524288   ( 0.1%) 
planes                  86/65536        1720/1310720  ( 0.1%) 
vertexes                67/65536         804/786432   ( 0.1%) 
nodes                   47/65536        1504/2097152  ( 0.1%) 
texinfos                16/12288        1152/884736   ( 0.1%) 
texdata                  9/2048          288/65536    ( 0.4%) 
dispinfos                0/0               0/0        ( 0.0%) 
disp_verts               0/0               0/0        ( 0.0%) 
disp_tris                0/0               0/0        ( 0.0%) 
disp_lmsamples           0/0               0/0        ( 0.0%) 
faces                   40/65536        2240/3670016  ( 0.1%) 
hdr faces                0/65536           0/3670016  ( 0.0%) 
origfaces               23/65536        1288/3670016  ( 0.0%) 
leaves                  51/65536        1632/2097152  ( 0.1%) 
leaffaces               48/65536          96/131072   ( 0.1%) 
leafbrushes             20/65536          40/131072   ( 0.0%) 
areas                    2/256            16/2048     ( 0.8%) 
surfedges              260/512000       1040/2048000  ( 0.1%) 
edges                  145/256000        580/1024000  ( 0.1%) 
LDR worldlights          0/8192            0/720896   ( 0.0%) 
HDR worldlights          0/8192            0/720896   ( 0.0%) 
leafwaterdata            0/32768           0/393216   ( 0.0%) 
waterstrips              0/32768           0/327680   ( 0.0%) 
waterverts               0/65536           0/786432   ( 0.0%) 
waterindices             0/65536           0/131072   ( 0.0%) 
cubemapsamples           0/1024            0/16384    ( 0.0%) 
overlays                 0/512             0/180224   ( 0.0%) 
LDR lightdata         [variable]       82624/0        ( 0.0%) 
HDR lightdata         [variable]           0/0        ( 0.0%) 
visdata               [variable]         124/16777216 ( 0.0%) 
entdata               [variable]        3879/393216   ( 1.0%) 
LDR ambient table       51/65536         204/262144   ( 0.1%) 
HDR ambient table       51/65536         204/262144   ( 0.1%) 
LDR leaf ambient        22/65536         616/1835008  ( 0.0%) 
HDR leaf ambient        51/65536        1428/1835008  ( 0.1%) 
occluders                0/0               0/0        ( 0.0%) 
occluder polygons        0/0               0/0        ( 0.0%) 
occluder vert ind        0/0               0/0        ( 0.0%) 
detail props          [variable]           1/12       ( 8.3%) 
static props          [variable]           1/12       ( 8.3%) 
pakfile               [variable]      106026/0        ( 0.0%) 
physics               [variable]        3840/4194304  ( 0.1%) 
physics terrain       [variable]           2/1048576  ( 0.0%) 

Level flags = 0

Total triangle count: 88
Writing d:\steam\steamapps\sourcemods\msrc\maps\vmf\msrcdemo.bsp
0 seconds elapsed



[Reading texlights from 'lights.rad']
[48 texlights parsed from 'lights.rad']

Loading d:\steam\steamapps\sourcemods\msrc\maps\vmf\msrcdemo.bsp
40 faces
23121 square feet [3329472.00 square inches]
0 Displacements
0 Square Feet [0.00 Square Inches]
40 patches before subdivision
1646 patches after subdivision
0 direct lights
0...1...2...3...4...5...6...7...8...9...100...1...2...3...4...5...6...7...8...9...10transfers 118275, max 199
transfer lists:   0.9 megs
0...1...2...3...4...5...6...7...8...9...10	Bounce #1 added RGB(0, 0, 0)
Build Patch/Sample Hash Table(s).....Done<0.0005 sec>
0...1...2...3...4...5...6...7...8...9...10FinalLightFace Done
0 of 0 (0% of) surface lights went in leaf ambient cubes.
0...1...2...3...4...5...6...7...8...9...10Writing leaf ambient...done
Ready to Finish

Object names       Objects/Maxobjs  Memory / Maxmem  Fullness 
------------       ---------------  ---------------  -------- 
models                   3/1024          144/49152    ( 0.3%) 
brushes                  9/8192          108/98304    ( 0.1%) 
brushsides              54/65536         432/524288   ( 0.1%) 
planes                  86/65536        1720/1310720  ( 0.1%) 
vertexes                67/65536         804/786432   ( 0.1%) 
nodes                   47/65536        1504/2097152  ( 0.1%) 
texinfos                16/12288        1152/884736   ( 0.1%) 
texdata                  9/2048          288/65536    ( 0.4%) 
dispinfos                0/0               0/0        ( 0.0%) 
disp_verts               0/0               0/0        ( 0.0%) 
disp_tris                0/0               0/0        ( 0.0%) 
disp_lmsamples           0/0               0/0        ( 0.0%) 
faces                   40/65536        2240/3670016  ( 0.1%) 
hdr faces               40/65536        2240/3670016  ( 0.1%) 
origfaces               23/65536        1288/3670016  ( 0.0%) 
leaves                  51/65536        1632/2097152  ( 0.1%) 
leaffaces               48/65536          96/131072   ( 0.1%) 
leafbrushes             20/65536          40/131072   ( 0.0%) 
areas                    2/256            16/2048     ( 0.8%) 
surfedges              260/512000       1040/2048000  ( 0.1%) 
edges                  145/256000        580/1024000  ( 0.1%) 
LDR worldlights          0/8192            0/720896   ( 0.0%) 
HDR worldlights          0/8192            0/720896   ( 0.0%) 
leafwaterdata            0/32768           0/393216   ( 0.0%) 
waterstrips              0/32768           0/327680   ( 0.0%) 
waterverts               0/65536           0/786432   ( 0.0%) 
waterindices             0/65536           0/131072   ( 0.0%) 
cubemapsamples           0/1024            0/16384    ( 0.0%) 
overlays                 0/512             0/180224   ( 0.0%) 
LDR lightdata         [variable]       82624/0        ( 0.0%) 
HDR lightdata         [variable]       82624/0        ( 0.0%) 
visdata               [variable]         124/16777216 ( 0.0%) 
entdata               [variable]        3879/393216   ( 1.0%) 
LDR ambient table       51/65536         204/262144   ( 0.1%) 
HDR ambient table       51/65536         204/262144   ( 0.1%) 
LDR leaf ambient        22/65536         616/1835008  ( 0.0%) 
HDR leaf ambient        22/65536         616/1835008  ( 0.0%) 
occluders                0/0               0/0        ( 0.0%) 
occluder polygons        0/0               0/0        ( 0.0%) 
occluder vert ind        0/0               0/0        ( 0.0%) 
detail props          [variable]           1/12       ( 8.3%) 
static props          [variable]           1/12       ( 8.3%) 
pakfile               [variable]      106026/0        ( 0.0%) 
physics               [variable]        3840/4194304  ( 0.1%) 
physics terrain       [variable]           2/1048576  ( 0.0%) 

Level flags = 0

Total triangle count: 88
Writing d:\steam\steamapps\sourcemods\msrc\maps\vmf\msrcdemo.bsp
0 seconds elapsed
