PRT1
16
35
4 0 1 (447 376 239 ) (447 376 216 ) (448 376 216 ) (448 376 239 ) 
4 0 2 (447 376 88 ) (447 376 64 ) (448 376 64 ) (448 376 88 ) 
4 0 4 (447 432 239 ) (447 432 64 ) (447 376 64 ) (447 376 239 ) 
4 1 3 (447 280 239 ) (447 280 216 ) (448 280 216 ) (448 280 239 ) 
4 1 4 (447 280 216 ) (447 280 239 ) (447 376 239 ) (447 376 216 ) 
4 2 4 (447 376 64 ) (447 280 64 ) (447 280 88 ) (447 376 88 ) 
4 2 3 (447 280 88 ) (447 280 64 ) (448 280 64 ) (448 280 88 ) 
4 3 6 (448 248 80 ) (448 248 200 ) (447 248 200 ) (447 248 80 ) 
4 3 5 (448 248 200 ) (448 248 239 ) (447 248 239 ) (447 248 200 ) 
4 3 8 (447 248 64 ) (448 248 64 ) (448 248 80 ) (447 248 80 ) 
4 3 4 (447 280 64 ) (447 248 64 ) (447 248 239 ) (447 280 239 ) 
4 4 11 (0 248 239 ) (0 432 239 ) (0 432 64 ) (0 248 64 ) 
4 4 7 (447 248 80 ) (447 248 200 ) (0 248 200 ) (0 248 80 ) 
4 4 5 (447 248 200 ) (447 248 239 ) (0 248 239 ) (0 248 200 ) 
4 4 8 (0 248 64 ) (447 248 64 ) (447 248 80 ) (0 248 80 ) 
4 5 11 (0 114 239 ) (0 248 239 ) (0 248 200 ) (0 114 200 ) 
4 5 7 (447 114 200 ) (0 114 200 ) (0 248 200 ) (447 248 200 ) 
4 5 6 (448 114 200 ) (447 114 200 ) (447 248 200 ) (448 248 200 ) 
4 5 9 (448 114 200 ) (448 114 239 ) (0 114 239 ) (0 114 200 ) 
4 6 9 (448 114 80 ) (448 114 200 ) (447 114 200 ) (447 114 80 ) 
4 6 8 (448 114 80 ) (447 114 80 ) (447 248 80 ) (448 248 80 ) 
4 6 7 (447 248 80 ) (447 114 80 ) (447 114 200 ) (447 248 200 ) 
4 7 11 (0 248 200 ) (0 248 80 ) (0 114 80 ) (0 114 200 ) 
4 7 9 (447 114 200 ) (0 114 200 ) (0 114 80 ) (447 114 80 ) 
4 7 8 (447 114 80 ) (0 114 80 ) (0 248 80 ) (447 248 80 ) 
4 8 11 (0 248 80 ) (0 248 64 ) (0 114 64 ) (0 114 80 ) 
4 8 9 (0 114 64 ) (448 114 64 ) (448 114 80 ) (0 114 80 ) 
4 9 11 (0 32 239 ) (0 114 239 ) (0 114 64 ) (0 32 64 ) 
4 9 10 (0 32 64 ) (32 32 64 ) (32 32 192 ) (0 32 192 ) 
4 10 14 (0 0 192 ) (0 0 64 ) (32 0 64 ) (32 0 192 ) 
4 10 12 (0 0 64 ) (0 0 192 ) (0 32 192 ) (0 32 64 ) 
4 11 13 (-64 432 239 ) (-64 432 64 ) (-64 32 64 ) (-64 32 239 ) 
4 11 12 (-64 32 192 ) (-64 32 64 ) (0 32 64 ) (0 32 192 ) 
4 12 15 (0 0 64 ) (0 0 192 ) (-64 0 192 ) (-64 0 64 ) 
4 14 15 (0 0 239 ) (0 0 64 ) (0 -763 64 ) (0 -763 239 ) 
