


materialPath: C:\Program Files (x86)\Steam\steamapps\common\Half-Life 2\hl2\materials
Loading C:\Program Files (x86)\Steam\steamapps\sourcemods\msrc\maps\vmf\msrcdemo3.vmf
material "/madwall" not found.
Material not found!: /MADWALL
ConVarRef mat_reduceparticles doesn't point to an existing ConVar
material "/maddoor" not found.
Material not found!: /MADDOOR
Could not locate 'GameData' key in c:\program files (x86)\steam\steamapps\common\half-life 2\hl2\gameinfo.txt
fixing up env_cubemap materials on brush sides...
0...1...2...3...4...5...6...7...8...9...10**** leaked ****
Entity light (-608.00 -1632.00 160.00) leaked!

FindPortalSide: Couldn't find a good match for which brush to assign to a portal near (-1536.0 -2048.0 160.0)
Leaf 0 contents: CONTENTS_SOLID 
Leaf 1 contents: 
viscontents (node 0 contents ^ node 1 contents): CONTENTS_SOLID 
This means that none of the brushes in leaf 0 or 1 that touches the portal has CONTENTS_SOLID 
Check for a huge brush enclosing the coordinates above that has contents CONTENTS_SOLID 
Candidate brush IDs: 


FindPortalSide: Couldn't find a good match for which brush to assign to a portal near (-1024.0 -1680.0 40.0)
Leaf 0 contents: 
Leaf 1 contents: CONTENTS_SOLID 
viscontents (node 0 contents ^ node 1 contents): CONTENTS_SOLID 
This means that none of the brushes in leaf 0 or 1 that touches the portal has CONTENTS_SOLID 
Check for a huge brush enclosing the coordinates above that has contents CONTENTS_SOLID 
Candidate brush IDs: 


FindPortalSide: Couldn't find a good match for which brush to assign to a portal near (-1024.0 -1168.0 40.0)
Leaf 0 contents: 
Leaf 1 contents: CONTENTS_SOLID 
viscontents (node 0 contents ^ node 1 contents): CONTENTS_SOLID 
This means that none of the brushes in leaf 0 or 1 that touches the portal has CONTENTS_SOLID 
Check for a huge brush enclosing the coordinates above that has contents CONTENTS_SOLID 
Candidate brush IDs: 


FindPortalSide: Couldn't find a good match for which brush to assign to a portal near (-1024.0 -1536.0 160.0)
Leaf 0 contents: 
Leaf 1 contents: CONTENTS_SOLID 
viscontents (node 0 contents ^ node 1 contents): CONTENTS_SOLID 
This means that none of the brushes in leaf 0 or 1 that touches the portal has CONTENTS_SOLID 
Check for a huge brush enclosing the coordinates above that has contents CONTENTS_SOLID 
Candidate brush IDs: 


FindPortalSide: Couldn't find a good match for which brush to assign to a portal near (-1024.0 -1680.0 280.0)
Leaf 0 contents: 
Leaf 1 contents: CONTENTS_SOLID 
viscontents (node 0 contents ^ node 1 contents): CONTENTS_SOLID 
This means that none of the brushes in leaf 0 or 1 that touches the portal has CONTENTS_SOLID 
Check for a huge brush enclosing the coordinates above that has contents CONTENTS_SOLID 
Candidate brush IDs: 


FindPortalSide: Couldn't find a good match for which brush to assign to a portal near (-1024.0 -1168.0 280.0)
Leaf 0 contents: 
Leaf 1 contents: CONTENTS_SOLID 
viscontents (node 0 contents ^ node 1 contents): CONTENTS_SOLID 
This means that none of the brushes in leaf 0 or 1 that touches the portal has CONTENTS_SOLID 
Check for a huge brush enclosing the coordinates above that has contents CONTENTS_SOLID 
Candidate brush IDs: 


FindPortalSide: Couldn't find a good match for which brush to assign to a portal near (-1552.0 -1024.0 160.0)
Leaf 0 contents: 
Leaf 1 contents: CONTENTS_SOLID 
viscontents (node 0 contents ^ node 1 contents): CONTENTS_SOLID 
This means that none of the brushes in leaf 0 or 1 that touches the portal has CONTENTS_SOLID 
Check for a huge brush enclosing the coordinates above that has contents CONTENTS_SOLID 
Candidate brush IDs: 


FindPortalSide: Couldn't find a good match for which brush to assign to a portal near (-1040.0 -1024.0 280.0)
Leaf 0 contents: 
Leaf 1 contents: CONTENTS_SOLID 
viscontents (node 0 contents ^ node 1 contents): CONTENTS_SOLID 
This means that none of the brushes in leaf 0 or 1 that touches the portal has CONTENTS_SOLID 
Check for a huge brush enclosing the coordinates above that has contents CONTENTS_SOLID 
Candidate brush IDs: 

*** Suppressing further FindPortalSide errors.... ***
Processing areas...done (0)
Building Faces...done (0)
Chop Details...done (0)
Find Visible Detail Sides...done (0)
Merging details...done (0)
FixTjuncs...
PruneNodes...
WriteBSP...
done (0)
Creating default LDR cubemaps for env_cubemap using skybox materials:
   skybox/sky_day01_01*.vmt
 ! Run buildcubemaps in the engine to get the correct cube maps.
Creating default HDR cubemaps for env_cubemap using skybox materials:
   skybox/sky_day01_01*.vmt
 ! Run buildcubemaps in the engine to get the correct cube maps.
Finding displacement neighbors...
Finding lightmap sample positions...
Displacement Alpha : 0...1...2...3...4...5...6...7...8...9...10
Building Physics collision data...
done (0) (31780 bytes)
Placing detail props : 0...1...2...3...4...5...6...7...8...9...10
Compacting texture/material tables...
Reduced 173 texinfos to 82
Reduced 7 texdatas to 6 (134 bytes to 125)
Writing C:\Program Files (x86)\Steam\steamapps\sourcemods\msrc\maps\vmf\msrcdemo3.bsp
1 second elapsed



2 threads
reading c:\program files (x86)\steam\steamapps\sourcemods\msrc\maps\vmf\msrcdemo3.bsp
reading c:\program files (x86)\steam\steamapps\sourcemods\msrc\maps\vmf\msrcdemo3.prt
LoadPortals: couldn't read c:\program files (x86)\steam\steamapps\sourcemods\msrc\maps\vmf\msrcdemo3.prt



[Reading texlights from 'lights.rad']
[45 texlights parsed from 'lights.rad']

Loading c:\program files (x86)\steam\steamapps\sourcemods\msrc\maps\vmf\msrcdemo3.bsp
No vis information, direct lighting only.
438 faces
85347 square feet [12290048.00 square inches]
0 Displacements
0 Square Feet [0.00 Square Inches]
5 direct lights
0...1...2...3...4...5...6...7...8...9...10Build Patch/Sample Hash Table(s).....Done<0.0029 sec>
0...1...2...3...4...5...6...7...8...9...10FinalLightFace Done
0 of 0 (0% of) surface lights went in leaf ambient cubes.
0...1...2...3...4...5...6...7...8...9...10Writing leaf ambient...done
Ready to Finish

Object names       Objects/Maxobjs  Memory / Maxmem  Fullness 
------------       ---------------  ---------------  -------- 
models                  11/1024          528/49152    ( 1.1%) 
brushes                 83/8192          996/98304    ( 1.0%) 
brushsides             498/65536        3984/524288   ( 0.8%) 
planes                 172/65536        3440/1310720  ( 0.3%) 
vertexes               614/65536        7368/786432   ( 0.9%) 
nodes                  302/65536        9664/2097152  ( 0.5%) 
texinfos                82/12288        5904/884736   ( 0.7%) 
texdata                  6/2048          192/65536    ( 0.3%) 
dispinfos                0/0               0/0        ( 0.0%) 
disp_verts               0/0               0/0        ( 0.0%) 
disp_tris                0/0               0/0        ( 0.0%) 
disp_lmsamples           0/0               0/0        ( 0.0%) 
faces                  438/65536       24528/3670016  ( 0.7%) 
hdr faces                0/65536           0/3670016  ( 0.0%) 
origfaces              272/65536       15232/3670016  ( 0.4%) 
leaves                 314/65536       10048/2097152  ( 0.5%) 
leaffaces              498/65536         996/131072   ( 0.8%) 
leafbrushes            117/65536         234/131072   ( 0.2%) 
areas                    2/256            16/2048     ( 0.8%) 
surfedges             3072/512000      12288/2048000  ( 0.6%) 
edges                 1759/256000       7036/1024000  ( 0.7%) 
LDR worldlights          5/8192          440/720896   ( 0.1%) 
HDR worldlights          0/8192            0/720896   ( 0.0%) 
leafwaterdata            0/32768           0/393216   ( 0.0%) 
waterstrips             36/32768         360/327680   ( 0.1%) 
waterverts               0/65536           0/786432   ( 0.0%) 
waterindices           507/65536        1014/131072   ( 0.8%) 
cubemapsamples           0/1024            0/16384    ( 0.0%) 
overlays                 0/512             0/180224   ( 0.0%) 
LDR lightdata         [variable]      222180/0        ( 0.0%) 
HDR lightdata         [variable]           0/0        ( 0.0%) 
visdata               [variable]           0/16777216 ( 0.0%) 
entdata               [variable]        6194/393216   ( 1.6%) 
LDR ambient table      314/65536        1256/262144   ( 0.5%) 
HDR ambient table      314/65536        1256/262144   ( 0.5%) 
LDR leaf ambient       796/65536       22288/1835008  ( 1.2%) 
HDR leaf ambient       314/65536        8792/1835008  ( 0.5%) 
occluders                0/0               0/0        ( 0.0%) 
occluder polygons        0/0               0/0        ( 0.0%) 
occluder vert ind        0/0               0/0        ( 0.0%) 
detail props          [variable]           1/12       ( 8.3%) 
static props          [variable]           1/12       ( 8.3%) 
pakfile               [variable]      105667/0        ( 0.0%) 
physics               [variable]       31780/4194304  ( 0.8%) 
physics terrain       [variable]           2/1048576  ( 0.0%) 

Level flags = 0

Total triangle count: 1108
Writing c:\program files (x86)\steam\steamapps\sourcemods\msrc\maps\vmf\msrcdemo3.bsp
1 second elapsed



[Reading texlights from 'lights.rad']
[45 texlights parsed from 'lights.rad']

Loading c:\program files (x86)\steam\steamapps\sourcemods\msrc\maps\vmf\msrcdemo3.bsp
No vis information, direct lighting only.
438 faces
85347 square feet [12290048.00 square inches]
0 Displacements
0 Square Feet [0.00 Square Inches]
5 direct lights
0...1...2...3...4...5...6...7...8...9...10Build Patch/Sample Hash Table(s).....Done<0.0041 sec>
0...1...2...3...4...5...6...7...8...9...10FinalLightFace Done
0 of 0 (0% of) surface lights went in leaf ambient cubes.
0...1...2...3...4...5...6...7...8...9...10Writing leaf ambient...done
Ready to Finish

Object names       Objects/Maxobjs  Memory / Maxmem  Fullness 
------------       ---------------  ---------------  -------- 
models                  11/1024          528/49152    ( 1.1%) 
brushes                 83/8192          996/98304    ( 1.0%) 
brushsides             498/65536        3984/524288   ( 0.8%) 
planes                 172/65536        3440/1310720  ( 0.3%) 
vertexes               614/65536        7368/786432   ( 0.9%) 
nodes                  302/65536        9664/2097152  ( 0.5%) 
texinfos                82/12288        5904/884736   ( 0.7%) 
texdata                  6/2048          192/65536    ( 0.3%) 
dispinfos                0/0               0/0        ( 0.0%) 
disp_verts               0/0               0/0        ( 0.0%) 
disp_tris                0/0               0/0        ( 0.0%) 
disp_lmsamples           0/0               0/0        ( 0.0%) 
faces                  438/65536       24528/3670016  ( 0.7%) 
hdr faces              438/65536       24528/3670016  ( 0.7%) 
origfaces              272/65536       15232/3670016  ( 0.4%) 
leaves                 314/65536       10048/2097152  ( 0.5%) 
leaffaces              498/65536         996/131072   ( 0.8%) 
leafbrushes            117/65536         234/131072   ( 0.2%) 
areas                    2/256            16/2048     ( 0.8%) 
surfedges             3072/512000      12288/2048000  ( 0.6%) 
edges                 1759/256000       7036/1024000  ( 0.7%) 
LDR worldlights          5/8192          440/720896   ( 0.1%) 
HDR worldlights          5/8192          440/720896   ( 0.1%) 
leafwaterdata            0/32768           0/393216   ( 0.0%) 
waterstrips             36/32768         360/327680   ( 0.1%) 
waterverts               0/65536           0/786432   ( 0.0%) 
waterindices           507/65536        1014/131072   ( 0.8%) 
cubemapsamples           0/1024            0/16384    ( 0.0%) 
overlays                 0/512             0/180224   ( 0.0%) 
LDR lightdata         [variable]      222180/0        ( 0.0%) 
HDR lightdata         [variable]      222180/0        ( 0.0%) 
visdata               [variable]           0/16777216 ( 0.0%) 
entdata               [variable]        6194/393216   ( 1.6%) 
LDR ambient table      314/65536        1256/262144   ( 0.5%) 
HDR ambient table      314/65536        1256/262144   ( 0.5%) 
LDR leaf ambient       796/65536       22288/1835008  ( 1.2%) 
HDR leaf ambient       796/65536       22288/1835008  ( 1.2%) 
occluders                0/0               0/0        ( 0.0%) 
occluder polygons        0/0               0/0        ( 0.0%) 
occluder vert ind        0/0               0/0        ( 0.0%) 
detail props          [variable]           1/12       ( 8.3%) 
static props          [variable]           1/12       ( 8.3%) 
pakfile               [variable]      105667/0        ( 0.0%) 
physics               [variable]       31780/4194304  ( 0.8%) 
physics terrain       [variable]           2/1048576  ( 0.0%) 

Level flags = 0

Total triangle count: 1108
Writing c:\program files (x86)\steam\steamapps\sourcemods\msrc\maps\vmf\msrcdemo3.bsp
1 second elapsed



materialPath: C:\Program Files (x86)\Steam\steamapps\common\Half-Life 2\hl2\materials
Loading C:\Program Files (x86)\Steam\steamapps\sourcemods\msrc\maps\vmf\msrcdemo3.vmf
material "/madwall" not found.
Material not found!: /MADWALL
ConVarRef mat_reduceparticles doesn't point to an existing ConVar
material "/maddoor" not found.
Material not found!: /MADDOOR
Could not locate 'GameData' key in c:\program files (x86)\steam\steamapps\common\half-life 2\hl2\gameinfo.txt
fixing up env_cubemap materials on brush sides...
0...1...2...3...4...5...6...7...8...9...10**** leaked ****
Entity light (-608.00 -1632.00 160.00) leaked!

FindPortalSide: Couldn't find a good match for which brush to assign to a portal near (-1536.0 -2048.0 160.0)
Leaf 0 contents: CONTENTS_SOLID 
Leaf 1 contents: 
viscontents (node 0 contents ^ node 1 contents): CONTENTS_SOLID 
This means that none of the brushes in leaf 0 or 1 that touches the portal has CONTENTS_SOLID 
Check for a huge brush enclosing the coordinates above that has contents CONTENTS_SOLID 
Candidate brush IDs: 


FindPortalSide: Couldn't find a good match for which brush to assign to a portal near (-1024.0 -1680.0 40.0)
Leaf 0 contents: 
Leaf 1 contents: CONTENTS_SOLID 
viscontents (node 0 contents ^ node 1 contents): CONTENTS_SOLID 
This means that none of the brushes in leaf 0 or 1 that touches the portal has CONTENTS_SOLID 
Check for a huge brush enclosing the coordinates above that has contents CONTENTS_SOLID 
Candidate brush IDs: 


FindPortalSide: Couldn't find a good match for which brush to assign to a portal near (-1024.0 -1168.0 40.0)
Leaf 0 contents: 
Leaf 1 contents: CONTENTS_SOLID 
viscontents (node 0 contents ^ node 1 contents): CONTENTS_SOLID 
This means that none of the brushes in leaf 0 or 1 that touches the portal has CONTENTS_SOLID 
Check for a huge brush enclosing the coordinates above that has contents CONTENTS_SOLID 
Candidate brush IDs: 


FindPortalSide: Couldn't find a good match for which brush to assign to a portal near (-1024.0 -1536.0 160.0)
Leaf 0 contents: 
Leaf 1 contents: CONTENTS_SOLID 
viscontents (node 0 contents ^ node 1 contents): CONTENTS_SOLID 
This means that none of the brushes in leaf 0 or 1 that touches the portal has CONTENTS_SOLID 
Check for a huge brush enclosing the coordinates above that has contents CONTENTS_SOLID 
Candidate brush IDs: 


FindPortalSide: Couldn't find a good match for which brush to assign to a portal near (-1024.0 -1680.0 280.0)
Leaf 0 contents: 
Leaf 1 contents: CONTENTS_SOLID 
viscontents (node 0 contents ^ node 1 contents): CONTENTS_SOLID 
This means that none of the brushes in leaf 0 or 1 that touches the portal has CONTENTS_SOLID 
Check for a huge brush enclosing the coordinates above that has contents CONTENTS_SOLID 
Candidate brush IDs: 


FindPortalSide: Couldn't find a good match for which brush to assign to a portal near (-1024.0 -1168.0 280.0)
Leaf 0 contents: 
Leaf 1 contents: CONTENTS_SOLID 
viscontents (node 0 contents ^ node 1 contents): CONTENTS_SOLID 
This means that none of the brushes in leaf 0 or 1 that touches the portal has CONTENTS_SOLID 
Check for a huge brush enclosing the coordinates above that has contents CONTENTS_SOLID 
Candidate brush IDs: 


FindPortalSide: Couldn't find a good match for which brush to assign to a portal near (-1552.0 -1024.0 160.0)
Leaf 0 contents: 
Leaf 1 contents: CONTENTS_SOLID 
viscontents (node 0 contents ^ node 1 contents): CONTENTS_SOLID 
This means that none of the brushes in leaf 0 or 1 that touches the portal has CONTENTS_SOLID 
Check for a huge brush enclosing the coordinates above that has contents CONTENTS_SOLID 
Candidate brush IDs: 


FindPortalSide: Couldn't find a good match for which brush to assign to a portal near (-1040.0 -1024.0 280.0)
Leaf 0 contents: 
Leaf 1 contents: CONTENTS_SOLID 
viscontents (node 0 contents ^ node 1 contents): CONTENTS_SOLID 
This means that none of the brushes in leaf 0 or 1 that touches the portal has CONTENTS_SOLID 
Check for a huge brush enclosing the coordinates above that has contents CONTENTS_SOLID 
Candidate brush IDs: 

*** Suppressing further FindPortalSide errors.... ***
Processing areas...done (0)
Building Faces...done (0)
Chop Details...done (0)
Find Visible Detail Sides...done (0)
Merging details...done (0)
FixTjuncs...
PruneNodes...
WriteBSP...
done (0)
Creating default LDR cubemaps for env_cubemap using skybox materials:
   skybox/sky_day01_01*.vmt
 ! Run buildcubemaps in the engine to get the correct cube maps.
Creating default HDR cubemaps for env_cubemap using skybox materials:
   skybox/sky_day01_01*.vmt
 ! Run buildcubemaps in the engine to get the correct cube maps.
Finding displacement neighbors...
Finding lightmap sample positions...
Displacement Alpha : 0...1...2...3...4...5...6...7...8...9...10
Building Physics collision data...
done (0) (31780 bytes)
Placing detail props : 0...1...2...3...4...5...6...7...8...9...10
Compacting texture/material tables...
Reduced 173 texinfos to 82
Reduced 7 texdatas to 6 (134 bytes to 125)
Writing C:\Program Files (x86)\Steam\steamapps\sourcemods\msrc\maps\vmf\msrcdemo3.bsp
1 second elapsed



2 threads
reading c:\program files (x86)\steam\steamapps\sourcemods\msrc\maps\vmf\msrcdemo3.bsp
reading c:\program files (x86)\steam\steamapps\sourcemods\msrc\maps\vmf\msrcdemo3.prt
LoadPortals: couldn't read c:\program files (x86)\steam\steamapps\sourcemods\msrc\maps\vmf\msrcdemo3.prt



[Reading texlights from 'lights.rad']
[45 texlights parsed from 'lights.rad']

Loading c:\program files (x86)\steam\steamapps\sourcemods\msrc\maps\vmf\msrcdemo3.bsp
No vis information, direct lighting only.
438 faces
85347 square feet [12290048.00 square inches]
0 Displacements
0 Square Feet [0.00 Square Inches]
5 direct lights
0...1...2...3...4...5...6...7...8...9...10Build Patch/Sample Hash Table(s).....Done<0.0033 sec>
0...1...2...3...4...5...6...7...8...9...10FinalLightFace Done
0 of 0 (0% of) surface lights went in leaf ambient cubes.
0...1...2...3...4...5...6...7...8...9...10Writing leaf ambient...done
Ready to Finish

Object names       Objects/Maxobjs  Memory / Maxmem  Fullness 
------------       ---------------  ---------------  -------- 
models                  11/1024          528/49152    ( 1.1%) 
brushes                 83/8192          996/98304    ( 1.0%) 
brushsides             498/65536        3984/524288   ( 0.8%) 
planes                 172/65536        3440/1310720  ( 0.3%) 
vertexes               614/65536        7368/786432   ( 0.9%) 
nodes                  302/65536        9664/2097152  ( 0.5%) 
texinfos                82/12288        5904/884736   ( 0.7%) 
texdata                  6/2048          192/65536    ( 0.3%) 
dispinfos                0/0               0/0        ( 0.0%) 
disp_verts               0/0               0/0        ( 0.0%) 
disp_tris                0/0               0/0        ( 0.0%) 
disp_lmsamples           0/0               0/0        ( 0.0%) 
faces                  438/65536       24528/3670016  ( 0.7%) 
hdr faces                0/65536           0/3670016  ( 0.0%) 
origfaces              272/65536       15232/3670016  ( 0.4%) 
leaves                 314/65536       10048/2097152  ( 0.5%) 
leaffaces              498/65536         996/131072   ( 0.8%) 
leafbrushes            117/65536         234/131072   ( 0.2%) 
areas                    2/256            16/2048     ( 0.8%) 
surfedges             3072/512000      12288/2048000  ( 0.6%) 
edges                 1759/256000       7036/1024000  ( 0.7%) 
LDR worldlights          5/8192          440/720896   ( 0.1%) 
HDR worldlights          0/8192            0/720896   ( 0.0%) 
leafwaterdata            0/32768           0/393216   ( 0.0%) 
waterstrips             36/32768         360/327680   ( 0.1%) 
waterverts               0/65536           0/786432   ( 0.0%) 
waterindices           507/65536        1014/131072   ( 0.8%) 
cubemapsamples           0/1024            0/16384    ( 0.0%) 
overlays                 0/512             0/180224   ( 0.0%) 
LDR lightdata         [variable]      222180/0        ( 0.0%) 
HDR lightdata         [variable]           0/0        ( 0.0%) 
visdata               [variable]           0/16777216 ( 0.0%) 
entdata               [variable]        6194/393216   ( 1.6%) 
LDR ambient table      314/65536        1256/262144   ( 0.5%) 
HDR ambient table      314/65536        1256/262144   ( 0.5%) 
LDR leaf ambient       796/65536       22288/1835008  ( 1.2%) 
HDR leaf ambient       314/65536        8792/1835008  ( 0.5%) 
occluders                0/0               0/0        ( 0.0%) 
occluder polygons        0/0               0/0        ( 0.0%) 
occluder vert ind        0/0               0/0        ( 0.0%) 
detail props          [variable]           1/12       ( 8.3%) 
static props          [variable]           1/12       ( 8.3%) 
pakfile               [variable]      105667/0        ( 0.0%) 
physics               [variable]       31780/4194304  ( 0.8%) 
physics terrain       [variable]           2/1048576  ( 0.0%) 

Level flags = 0

Total triangle count: 1108
Writing c:\program files (x86)\steam\steamapps\sourcemods\msrc\maps\vmf\msrcdemo3.bsp
1 second elapsed



[Reading texlights from 'lights.rad']
[45 texlights parsed from 'lights.rad']

Loading c:\program files (x86)\steam\steamapps\sourcemods\msrc\maps\vmf\msrcdemo3.bsp
No vis information, direct lighting only.
438 faces
85347 square feet [12290048.00 square inches]
0 Displacements
0 Square Feet [0.00 Square Inches]
5 direct lights
0...1...2...3...4...5...6...7...8...9...10Build Patch/Sample Hash Table(s).....Done<0.0030 sec>
0...1...2...3...4...5...6...7...8...9...10FinalLightFace Done
0 of 0 (0% of) surface lights went in leaf ambient cubes.
0...1...2...3...4...5...6...7...8...9...10Writing leaf ambient...done
Ready to Finish

Object names       Objects/Maxobjs  Memory / Maxmem  Fullness 
------------       ---------------  ---------------  -------- 
models                  11/1024          528/49152    ( 1.1%) 
brushes                 83/8192          996/98304    ( 1.0%) 
brushsides             498/65536        3984/524288   ( 0.8%) 
planes                 172/65536        3440/1310720  ( 0.3%) 
vertexes               614/65536        7368/786432   ( 0.9%) 
nodes                  302/65536        9664/2097152  ( 0.5%) 
texinfos                82/12288        5904/884736   ( 0.7%) 
texdata                  6/2048          192/65536    ( 0.3%) 
dispinfos                0/0               0/0        ( 0.0%) 
disp_verts               0/0               0/0        ( 0.0%) 
disp_tris                0/0               0/0        ( 0.0%) 
disp_lmsamples           0/0               0/0        ( 0.0%) 
faces                  438/65536       24528/3670016  ( 0.7%) 
hdr faces              438/65536       24528/3670016  ( 0.7%) 
origfaces              272/65536       15232/3670016  ( 0.4%) 
leaves                 314/65536       10048/2097152  ( 0.5%) 
leaffaces              498/65536         996/131072   ( 0.8%) 
leafbrushes            117/65536         234/131072   ( 0.2%) 
areas                    2/256            16/2048     ( 0.8%) 
surfedges             3072/512000      12288/2048000  ( 0.6%) 
edges                 1759/256000       7036/1024000  ( 0.7%) 
LDR worldlights          5/8192          440/720896   ( 0.1%) 
HDR worldlights          5/8192          440/720896   ( 0.1%) 
leafwaterdata            0/32768           0/393216   ( 0.0%) 
waterstrips             36/32768         360/327680   ( 0.1%) 
waterverts               0/65536           0/786432   ( 0.0%) 
waterindices           507/65536        1014/131072   ( 0.8%) 
cubemapsamples           0/1024            0/16384    ( 0.0%) 
overlays                 0/512             0/180224   ( 0.0%) 
LDR lightdata         [variable]      222180/0        ( 0.0%) 
HDR lightdata         [variable]      222180/0        ( 0.0%) 
visdata               [variable]           0/16777216 ( 0.0%) 
entdata               [variable]        6194/393216   ( 1.6%) 
LDR ambient table      314/65536        1256/262144   ( 0.5%) 
HDR ambient table      314/65536        1256/262144   ( 0.5%) 
LDR leaf ambient       796/65536       22288/1835008  ( 1.2%) 
HDR leaf ambient       796/65536       22288/1835008  ( 1.2%) 
occluders                0/0               0/0        ( 0.0%) 
occluder polygons        0/0               0/0        ( 0.0%) 
occluder vert ind        0/0               0/0        ( 0.0%) 
detail props          [variable]           1/12       ( 8.3%) 
static props          [variable]           1/12       ( 8.3%) 
pakfile               [variable]      105667/0        ( 0.0%) 
physics               [variable]       31780/4194304  ( 0.8%) 
physics terrain       [variable]           2/1048576  ( 0.0%) 

Level flags = 0

Total triangle count: 1108
Writing c:\program files (x86)\steam\steamapps\sourcemods\msrc\maps\vmf\msrcdemo3.bsp
1 second elapsed



materialPath: C:\Program Files (x86)\Steam\steamapps\common\Half-Life 2\hl2\materials
Loading C:\Program Files (x86)\Steam\steamapps\sourcemods\msrc\maps\vmf\msrcdemo3.vmf
material "/madwall" not found.
Material not found!: /MADWALL
ConVarRef mat_reduceparticles doesn't point to an existing ConVar
material "/maddoor" not found.
Material not found!: /MADDOOR
Could not locate 'GameData' key in c:\program files (x86)\steam\steamapps\common\half-life 2\hl2\gameinfo.txt
fixing up env_cubemap materials on brush sides...
0...1...2...3...4...5...6...7...8...9...10**** leaked ****
Entity light (-608.00 -1632.00 160.00) leaked!

FindPortalSide: Couldn't find a good match for which brush to assign to a portal near (-1536.0 -2048.0 160.0)
Leaf 0 contents: CONTENTS_SOLID 
Leaf 1 contents: 
viscontents (node 0 contents ^ node 1 contents): CONTENTS_SOLID 
This means that none of the brushes in leaf 0 or 1 that touches the portal has CONTENTS_SOLID 
Check for a huge brush enclosing the coordinates above that has contents CONTENTS_SOLID 
Candidate brush IDs: 


FindPortalSide: Couldn't find a good match for which brush to assign to a portal near (-1024.0 -1680.0 40.0)
Leaf 0 contents: 
Leaf 1 contents: CONTENTS_SOLID 
viscontents (node 0 contents ^ node 1 contents): CONTENTS_SOLID 
This means that none of the brushes in leaf 0 or 1 that touches the portal has CONTENTS_SOLID 
Check for a huge brush enclosing the coordinates above that has contents CONTENTS_SOLID 
Candidate brush IDs: 


FindPortalSide: Couldn't find a good match for which brush to assign to a portal near (-1024.0 -1168.0 40.0)
Leaf 0 contents: 
Leaf 1 contents: CONTENTS_SOLID 
viscontents (node 0 contents ^ node 1 contents): CONTENTS_SOLID 
This means that none of the brushes in leaf 0 or 1 that touches the portal has CONTENTS_SOLID 
Check for a huge brush enclosing the coordinates above that has contents CONTENTS_SOLID 
Candidate brush IDs: 


FindPortalSide: Couldn't find a good match for which brush to assign to a portal near (-1024.0 -1536.0 160.0)
Leaf 0 contents: 
Leaf 1 contents: CONTENTS_SOLID 
viscontents (node 0 contents ^ node 1 contents): CONTENTS_SOLID 
This means that none of the brushes in leaf 0 or 1 that touches the portal has CONTENTS_SOLID 
Check for a huge brush enclosing the coordinates above that has contents CONTENTS_SOLID 
Candidate brush IDs: 


FindPortalSide: Couldn't find a good match for which brush to assign to a portal near (-1024.0 -1680.0 280.0)
Leaf 0 contents: 
Leaf 1 contents: CONTENTS_SOLID 
viscontents (node 0 contents ^ node 1 contents): CONTENTS_SOLID 
This means that none of the brushes in leaf 0 or 1 that touches the portal has CONTENTS_SOLID 
Check for a huge brush enclosing the coordinates above that has contents CONTENTS_SOLID 
Candidate brush IDs: 


FindPortalSide: Couldn't find a good match for which brush to assign to a portal near (-1024.0 -1168.0 280.0)
Leaf 0 contents: 
Leaf 1 contents: CONTENTS_SOLID 
viscontents (node 0 contents ^ node 1 contents): CONTENTS_SOLID 
This means that none of the brushes in leaf 0 or 1 that touches the portal has CONTENTS_SOLID 
Check for a huge brush enclosing the coordinates above that has contents CONTENTS_SOLID 
Candidate brush IDs: 


FindPortalSide: Couldn't find a good match for which brush to assign to a portal near (-1552.0 -1024.0 160.0)
Leaf 0 contents: 
Leaf 1 contents: CONTENTS_SOLID 
viscontents (node 0 contents ^ node 1 contents): CONTENTS_SOLID 
This means that none of the brushes in leaf 0 or 1 that touches the portal has CONTENTS_SOLID 
Check for a huge brush enclosing the coordinates above that has contents CONTENTS_SOLID 
Candidate brush IDs: 


FindPortalSide: Couldn't find a good match for which brush to assign to a portal near (-1040.0 -1024.0 280.0)
Leaf 0 contents: 
Leaf 1 contents: CONTENTS_SOLID 
viscontents (node 0 contents ^ node 1 contents): CONTENTS_SOLID 
This means that none of the brushes in leaf 0 or 1 that touches the portal has CONTENTS_SOLID 
Check for a huge brush enclosing the coordinates above that has contents CONTENTS_SOLID 
Candidate brush IDs: 

*** Suppressing further FindPortalSide errors.... ***
Processing areas...done (0)
Building Faces...done (0)
Chop Details...done (0)
Find Visible Detail Sides...done (0)
Merging details...done (0)
FixTjuncs...
PruneNodes...
WriteBSP...
done (0)
Creating default LDR cubemaps for env_cubemap using skybox materials:
   skybox/sky_day01_01*.vmt
 ! Run buildcubemaps in the engine to get the correct cube maps.
Creating default HDR cubemaps for env_cubemap using skybox materials:
   skybox/sky_day01_01*.vmt
 ! Run buildcubemaps in the engine to get the correct cube maps.
Finding displacement neighbors...
Finding lightmap sample positions...
Displacement Alpha : 0...1...2...3...4...5...6...7...8...9...10
Building Physics collision data...
done (0) (31780 bytes)
Placing detail props : 0...1...2...3...4...5...6...7...8...9...10
Compacting texture/material tables...
Reduced 173 texinfos to 82
Reduced 7 texdatas to 6 (134 bytes to 125)
Writing C:\Program Files (x86)\Steam\steamapps\sourcemods\msrc\maps\vmf\msrcdemo3.bsp
1 second elapsed



2 threads
reading c:\program files (x86)\steam\steamapps\sourcemods\msrc\maps\vmf\msrcdemo3.bsp
reading c:\program files (x86)\steam\steamapps\sourcemods\msrc\maps\vmf\msrcdemo3.prt
LoadPortals: couldn't read c:\program files (x86)\steam\steamapps\sourcemods\msrc\maps\vmf\msrcdemo3.prt



[Reading texlights from 'lights.rad']
[45 texlights parsed from 'lights.rad']

Loading c:\program files (x86)\steam\steamapps\sourcemods\msrc\maps\vmf\msrcdemo3.bsp
No vis information, direct lighting only.
438 faces
85347 square feet [12290048.00 square inches]
0 Displacements
0 Square Feet [0.00 Square Inches]
5 direct lights
0...1...2...3...4...5...6...7...8...9...10Build Patch/Sample Hash Table(s).....Done<0.0031 sec>
0...1...2...3...4...5...6...7...8...9...10FinalLightFace Done
0 of 0 (0% of) surface lights went in leaf ambient cubes.
0...1...2...3...4...5...6...7...8...9...10Writing leaf ambient...done
Ready to Finish

Object names       Objects/Maxobjs  Memory / Maxmem  Fullness 
------------       ---------------  ---------------  -------- 
models                  11/1024          528/49152    ( 1.1%) 
brushes                 83/8192          996/98304    ( 1.0%) 
brushsides             498/65536        3984/524288   ( 0.8%) 
planes                 172/65536        3440/1310720  ( 0.3%) 
vertexes               614/65536        7368/786432   ( 0.9%) 
nodes                  302/65536        9664/2097152  ( 0.5%) 
texinfos                82/12288        5904/884736   ( 0.7%) 
texdata                  6/2048          192/65536    ( 0.3%) 
dispinfos                0/0               0/0        ( 0.0%) 
disp_verts               0/0               0/0        ( 0.0%) 
disp_tris                0/0               0/0        ( 0.0%) 
disp_lmsamples           0/0               0/0        ( 0.0%) 
faces                  438/65536       24528/3670016  ( 0.7%) 
hdr faces                0/65536           0/3670016  ( 0.0%) 
origfaces              272/65536       15232/3670016  ( 0.4%) 
leaves                 314/65536       10048/2097152  ( 0.5%) 
leaffaces              498/65536         996/131072   ( 0.8%) 
leafbrushes            117/65536         234/131072   ( 0.2%) 
areas                    2/256            16/2048     ( 0.8%) 
surfedges             3072/512000      12288/2048000  ( 0.6%) 
edges                 1759/256000       7036/1024000  ( 0.7%) 
LDR worldlights          5/8192          440/720896   ( 0.1%) 
HDR worldlights          0/8192            0/720896   ( 0.0%) 
leafwaterdata            0/32768           0/393216   ( 0.0%) 
waterstrips             36/32768         360/327680   ( 0.1%) 
waterverts               0/65536           0/786432   ( 0.0%) 
waterindices           507/65536        1014/131072   ( 0.8%) 
cubemapsamples           0/1024            0/16384    ( 0.0%) 
overlays                 0/512             0/180224   ( 0.0%) 
LDR lightdata         [variable]      222180/0        ( 0.0%) 
HDR lightdata         [variable]           0/0        ( 0.0%) 
visdata               [variable]           0/16777216 ( 0.0%) 
entdata               [variable]        6194/393216   ( 1.6%) 
LDR ambient table      314/65536        1256/262144   ( 0.5%) 
HDR ambient table      314/65536        1256/262144   ( 0.5%) 
LDR leaf ambient       796/65536       22288/1835008  ( 1.2%) 
HDR leaf ambient       314/65536        8792/1835008  ( 0.5%) 
occluders                0/0               0/0        ( 0.0%) 
occluder polygons        0/0               0/0        ( 0.0%) 
occluder vert ind        0/0               0/0        ( 0.0%) 
detail props          [variable]           1/12       ( 8.3%) 
static props          [variable]           1/12       ( 8.3%) 
pakfile               [variable]      105667/0        ( 0.0%) 
physics               [variable]       31780/4194304  ( 0.8%) 
physics terrain       [variable]           2/1048576  ( 0.0%) 

Level flags = 0

Total triangle count: 1108
Writing c:\program files (x86)\steam\steamapps\sourcemods\msrc\maps\vmf\msrcdemo3.bsp
1 second elapsed



[Reading texlights from 'lights.rad']
[45 texlights parsed from 'lights.rad']

Loading c:\program files (x86)\steam\steamapps\sourcemods\msrc\maps\vmf\msrcdemo3.bsp
No vis information, direct lighting only.
438 faces
85347 square feet [12290048.00 square inches]
0 Displacements
0 Square Feet [0.00 Square Inches]
5 direct lights
0...1...2...3...4...5...6...7...8...9...10Build Patch/Sample Hash Table(s).....Done<0.0031 sec>
0...1...2...3...4...5...6...7...8...9...10FinalLightFace Done
0 of 0 (0% of) surface lights went in leaf ambient cubes.
0...1...2...3...4...5...6...7...8...9...10Writing leaf ambient...done
Ready to Finish

Object names       Objects/Maxobjs  Memory / Maxmem  Fullness 
------------       ---------------  ---------------  -------- 
models                  11/1024          528/49152    ( 1.1%) 
brushes                 83/8192          996/98304    ( 1.0%) 
brushsides             498/65536        3984/524288   ( 0.8%) 
planes                 172/65536        3440/1310720  ( 0.3%) 
vertexes               614/65536        7368/786432   ( 0.9%) 
nodes                  302/65536        9664/2097152  ( 0.5%) 
texinfos                82/12288        5904/884736   ( 0.7%) 
texdata                  6/2048          192/65536    ( 0.3%) 
dispinfos                0/0               0/0        ( 0.0%) 
disp_verts               0/0               0/0        ( 0.0%) 
disp_tris                0/0               0/0        ( 0.0%) 
disp_lmsamples           0/0               0/0        ( 0.0%) 
faces                  438/65536       24528/3670016  ( 0.7%) 
hdr faces              438/65536       24528/3670016  ( 0.7%) 
origfaces              272/65536       15232/3670016  ( 0.4%) 
leaves                 314/65536       10048/2097152  ( 0.5%) 
leaffaces              498/65536         996/131072   ( 0.8%) 
leafbrushes            117/65536         234/131072   ( 0.2%) 
areas                    2/256            16/2048     ( 0.8%) 
surfedges             3072/512000      12288/2048000  ( 0.6%) 
edges                 1759/256000       7036/1024000  ( 0.7%) 
LDR worldlights          5/8192          440/720896   ( 0.1%) 
HDR worldlights          5/8192          440/720896   ( 0.1%) 
leafwaterdata            0/32768           0/393216   ( 0.0%) 
waterstrips             36/32768         360/327680   ( 0.1%) 
waterverts               0/65536           0/786432   ( 0.0%) 
waterindices           507/65536        1014/131072   ( 0.8%) 
cubemapsamples           0/1024            0/16384    ( 0.0%) 
overlays                 0/512             0/180224   ( 0.0%) 
LDR lightdata         [variable]      222180/0        ( 0.0%) 
HDR lightdata         [variable]      222180/0        ( 0.0%) 
visdata               [variable]           0/16777216 ( 0.0%) 
entdata               [variable]        6194/393216   ( 1.6%) 
LDR ambient table      314/65536        1256/262144   ( 0.5%) 
HDR ambient table      314/65536        1256/262144   ( 0.5%) 
LDR leaf ambient       796/65536       22288/1835008  ( 1.2%) 
HDR leaf ambient       796/65536       22288/1835008  ( 1.2%) 
occluders                0/0               0/0        ( 0.0%) 
occluder polygons        0/0               0/0        ( 0.0%) 
occluder vert ind        0/0               0/0        ( 0.0%) 
detail props          [variable]           1/12       ( 8.3%) 
static props          [variable]           1/12       ( 8.3%) 
pakfile               [variable]      105667/0        ( 0.0%) 
physics               [variable]       31780/4194304  ( 0.8%) 
physics terrain       [variable]           2/1048576  ( 0.0%) 

Level flags = 0

Total triangle count: 1108
Writing c:\program files (x86)\steam\steamapps\sourcemods\msrc\maps\vmf\msrcdemo3.bsp
1 second elapsed
